<?xml version="1.0" encoding="UTF-8"?>
<testsuite name="com.urlshortner.util.UrlHashGeneratorTest$Shape" tests="6" skipped="0" failures="0" errors="0" timestamp="2026-08-02T16:15:02.501Z" hostname="abhimanyu-sharma-mbp-2a" time="0.004">
  <properties/>
  <testcase name="output is exactly &quot;6&quot; chars for &quot;&quot;https://example.com/&quot;&quot;" classname="com.urlshortner.util.UrlHashGeneratorTest$Shape" time="0.001"/>
  <testcase name="output is exactly &quot;6&quot; chars for &quot;&quot;https://a.example.com/deep&quot;&quot;" classname="com.urlshortner.util.UrlHashGeneratorTest$Shape" time="0.0"/>
  <testcase name="output is exactly &quot;6&quot; chars for &quot;&quot;https://example.com/some/very/long/path?with=many&amp;query=parameters&quot;&quot;" classname="com.urlshortner.util.UrlHashGeneratorTest$Shape" time="0.0"/>
  <testcase name="output is strict alphanumeric for &quot;&quot;https://example.com/foo&quot;&quot;" classname="com.urlshortner.util.UrlHashGeneratorTest$Shape" time="0.0"/>
  <testcase name="output is strict alphanumeric for &quot;&quot;https://example.com/&quot;&quot;" classname="com.urlshortner.util.UrlHashGeneratorTest$Shape" time="0.0"/>
  <testcase name="output is strict alphanumeric for &quot;&quot;https://x.example.com/bar/baz&quot;&quot;" classname="com.urlshortner.util.UrlHashGeneratorTest$Shape" time="0.0"/>
  <system-out><![CDATA[]]></system-out>
  <system-err><![CDATA[]]></system-err>
</testsuite>
