<?xml version="1.0" encoding="UTF-8"?>
<testsuite name="com.urlshortner.service.UrlServiceTest$ShortenUrl" tests="10" skipped="0" failures="0" errors="0" timestamp="2026-08-02T16:15:02.435Z" hostname="abhimanyu-sharma-mbp-2a" time="0.021">
  <properties/>
  <testcase name="sameNormalizedUrlYieldsSameShortCode()" classname="com.urlshortner.service.UrlServiceTest$ShortenUrl" time="0.004"/>
  <testcase name="customAliasBypassesHashLoopAndCreatesFreshRow()" classname="com.urlshortner.service.UrlServiceTest$ShortenUrl" time="0.001"/>
  <testcase name="customAliasTakenByDifferentUrlThrowsConflict()" classname="com.urlshortner.service.UrlServiceTest$ShortenUrl" time="0.002"/>
  <testcase name="collisionTriggersSaltLoopAndPersistsWithSaltedCode()" classname="com.urlshortner.service.UrlServiceTest$ShortenUrl" time="0.002"/>
  <testcase name="ssrfLoopbackRejected()" classname="com.urlshortner.service.UrlServiceTest$ShortenUrl" time="0.001"/>
  <testcase name="existingCodeWithMatchingUrlReturnsOneToOneWithoutInsert()" classname="com.urlshortner.service.UrlServiceTest$ShortenUrl" time="0.002"/>
  <testcase name="withFutureExpirationCapsCacheTtl()" classname="com.urlshortner.service.UrlServiceTest$ShortenUrl" time="0.002"/>
  <testcase name="nonHttpSchemeRejected()" classname="com.urlshortner.service.UrlServiceTest$ShortenUrl" time="0.002"/>
  <testcase name="reservedAliasRejected()" classname="com.urlshortner.service.UrlServiceTest$ShortenUrl" time="0.002"/>
  <testcase name="customAliasPointingAtSameUrlReturnsExisting()" classname="com.urlshortner.service.UrlServiceTest$ShortenUrl" time="0.001"/>
  <system-out><![CDATA[]]></system-out>
  <system-err><![CDATA[]]></system-err>
</testsuite>
