<?xml version="1.0" encoding="UTF-8"?>
<testsuite name="com.urlshortner.util.UrlHashGeneratorTest$Determinism" tests="5" skipped="0" failures="0" errors="0" timestamp="2026-08-02T16:15:02.507Z" hostname="abhimanyu-sharma-mbp-2a" time="0.001">
  <properties/>
  <testcase name="same URL yields same code: &quot;&quot;https://example.com/foo&quot;&quot;" classname="com.urlshortner.util.UrlHashGeneratorTest$Determinism" time="0.0"/>
  <testcase name="same URL yields same code: &quot;&quot;https://example.com/&quot;&quot;" classname="com.urlshortner.util.UrlHashGeneratorTest$Determinism" time="0.001"/>
  <testcase name="same URL yields same code: &quot;&quot;http://a.b.c.example.com/deep/path?q=1&amp;r=2&quot;&quot;" classname="com.urlshortner.util.UrlHashGeneratorTest$Determinism" time="0.0"/>
  <testcase name="same URL yields same code: &quot;&quot;https://example.com/UTF-8-ok-ünicode&quot;&quot;" classname="com.urlshortner.util.UrlHashGeneratorTest$Determinism" time="0.0"/>
  <testcase name="differentUrlsYieldDifferentCodes()" classname="com.urlshortner.util.UrlHashGeneratorTest$Determinism" time="0.0"/>
  <system-out><![CDATA[]]></system-out>
  <system-err><![CDATA[]]></system-err>
</testsuite>
