<?xml version="1.0" encoding="UTF-8"?>
<testsuite name="com.urlshortner.util.UrlNormalizerTest$Whitespace" tests="3" skipped="0" failures="0" errors="0" timestamp="2026-08-02T16:15:02.514Z" hostname="abhimanyu-sharma-mbp-2a" time="0.003">
  <properties/>
  <testcase name="trims leading/trailing whitespace on &quot;&quot;  https://example.com/path  &quot;&quot;" classname="com.urlshortner.util.UrlNormalizerTest$Whitespace" time="0.0"/>
  <testcase name="trims leading/trailing whitespace on &quot;&quot;\thttps://example.com/path\n&quot;&quot;" classname="com.urlshortner.util.UrlNormalizerTest$Whitespace" time="0.001"/>
  <testcase name="trims leading/trailing whitespace on &quot;&quot;https://example.com/path &quot;&quot;" classname="com.urlshortner.util.UrlNormalizerTest$Whitespace" time="0.0"/>
  <system-out><![CDATA[]]></system-out>
  <system-err><![CDATA[]]></system-err>
</testsuite>
