<?xml version="1.0" encoding="UTF-8"?>
<testsuite name="com.urlshortner.util.UrlValidatorTest$SchemeGuard" tests="10" skipped="0" failures="0" errors="0" timestamp="2026-08-02T16:15:02.525Z" hostname="abhimanyu-sharma-mbp-2a" time="0.006">
  <properties/>
  <testcase name="accepts &quot;&quot;http://example.com/foo&quot;&quot;" classname="com.urlshortner.util.UrlValidatorTest$SchemeGuard" time="0.001"/>
  <testcase name="accepts &quot;&quot;https://example.com/bar&quot;&quot;" classname="com.urlshortner.util.UrlValidatorTest$SchemeGuard" time="0.0"/>
  <testcase name="accepts &quot;&quot;https://www.example.com/path?q=1#frag&quot;&quot;" classname="com.urlshortner.util.UrlValidatorTest$SchemeGuard" time="0.002"/>
  <testcase name="accepts &quot;&quot;HTTPS://EXAMPLE.COM/mixed-case-scheme&quot;&quot;" classname="com.urlshortner.util.UrlValidatorTest$SchemeGuard" time="0.001"/>
  <testcase name="rejects scheme in &quot;&quot;javascript:alert(1)&quot;&quot;" classname="com.urlshortner.util.UrlValidatorTest$SchemeGuard" time="0.0"/>
  <testcase name="rejects scheme in &quot;&quot;data:text/html,alert(1)&quot;&quot;" classname="com.urlshortner.util.UrlValidatorTest$SchemeGuard" time="0.0"/>
  <testcase name="rejects scheme in &quot;&quot;file:///etc/passwd&quot;&quot;" classname="com.urlshortner.util.UrlValidatorTest$SchemeGuard" time="0.0"/>
  <testcase name="rejects scheme in &quot;&quot;ftp://example.com/foo&quot;&quot;" classname="com.urlshortner.util.UrlValidatorTest$SchemeGuard" time="0.0"/>
  <testcase name="rejects scheme in &quot;&quot;gopher://example.com/&quot;&quot;" classname="com.urlshortner.util.UrlValidatorTest$SchemeGuard" time="0.0"/>
  <testcase name="rejects scheme in &quot;&quot;vbscript:msgbox(1)&quot;&quot;" classname="com.urlshortner.util.UrlValidatorTest$SchemeGuard" time="0.0"/>
  <system-out><![CDATA[]]></system-out>
  <system-err><![CDATA[]]></system-err>
</testsuite>
