<?xml version="1.0" encoding="UTF-8"?>
<testsuite name="com.urlshortner.util.Base62EncoderTest$Roundtrip" tests="10" skipped="0" failures="0" errors="0" timestamp="2026-08-02T16:15:02.457Z" hostname="abhimanyu-sharma-mbp-2a" time="0.021">
  <properties/>
  <testcase name="encode-then-decode preserves 0" classname="com.urlshortner.util.Base62EncoderTest$Roundtrip" time="0.003"/>
  <testcase name="encode-then-decode preserves 1" classname="com.urlshortner.util.Base62EncoderTest$Roundtrip" time="0.0"/>
  <testcase name="encode-then-decode preserves 61" classname="com.urlshortner.util.Base62EncoderTest$Roundtrip" time="0.0"/>
  <testcase name="encode-then-decode preserves 62" classname="com.urlshortner.util.Base62EncoderTest$Roundtrip" time="0.0"/>
  <testcase name="encode-then-decode preserves 100" classname="com.urlshortner.util.Base62EncoderTest$Roundtrip" time="0.0"/>
  <testcase name="encode-then-decode preserves 999" classname="com.urlshortner.util.Base62EncoderTest$Roundtrip" time="0.0"/>
  <testcase name="encode-then-decode preserves 12345" classname="com.urlshortner.util.Base62EncoderTest$Roundtrip" time="0.0"/>
  <testcase name="encode-then-decode preserves 1000000" classname="com.urlshortner.util.Base62EncoderTest$Roundtrip" time="0.0"/>
  <testcase name="encode-then-decode preserves 999999999" classname="com.urlshortner.util.Base62EncoderTest$Roundtrip" time="0.0"/>
  <testcase name="encode-then-decode preserves 9223372036854775807" classname="com.urlshortner.util.Base62EncoderTest$Roundtrip" time="0.0"/>
  <system-out><![CDATA[]]></system-out>
  <system-err><![CDATA[]]></system-err>
</testsuite>
