<?xml version="1.0" encoding="UTF-8"?>
<testsuite name="com.urlshortner.util.UrlNormalizerTest$TrailingSlash" tests="5" skipped="0" failures="0" errors="0" timestamp="2026-08-02T16:15:02.509Z" hostname="abhimanyu-sharma-mbp-2a" time="0.002">
  <properties/>
  <testcase name="preservesQueryAndFragment()" classname="com.urlshortner.util.UrlNormalizerTest$TrailingSlash" time="0.0"/>
  <testcase name="normalize(&quot;&quot;https://example.com/&quot;&quot;) strips trailing / → &quot;&quot;https://example.com&quot;&quot;" classname="com.urlshortner.util.UrlNormalizerTest$TrailingSlash" time="0.001"/>
  <testcase name="normalize(&quot;&quot;https://example.com/path/&quot;&quot;) strips trailing / → &quot;&quot;https://example.com/path&quot;&quot;" classname="com.urlshortner.util.UrlNormalizerTest$TrailingSlash" time="0.0"/>
  <testcase name="normalize(&quot;&quot;https://example.com/a/b/c/&quot;&quot;) strips trailing / → &quot;&quot;https://example.com/a/b/c&quot;&quot;" classname="com.urlshortner.util.UrlNormalizerTest$TrailingSlash" time="0.001"/>
  <testcase name="normalize(&quot;&quot;https://example.com/a/b/c///&quot;&quot;) strips trailing / → &quot;&quot;https://example.com/a/b/c&quot;&quot;" classname="com.urlshortner.util.UrlNormalizerTest$TrailingSlash" time="0.0"/>
  <system-out><![CDATA[]]></system-out>
  <system-err><![CDATA[]]></system-err>
</testsuite>
