<?xml version="1.0" encoding="UTF-8"?>
<testsuite name="com.urlshortner.UrlshortnerApplicationTests" tests="1" skipped="0" failures="0" errors="0" timestamp="2026-08-02T16:14:54.202Z" hostname="abhimanyu-sharma-mbp-2a" time="7.125">
  <properties/>
  <testcase name="contextLoads()" classname="com.urlshortner.UrlshortnerApplicationTests" time="0.001"/>
  <system-out><![CDATA[2026-08-02T21:44:54.204+05:30  INFO 27145 --- [urlshortner] [    Test worker] t.c.s.AnnotationConfigContextLoaderUtils : Could not detect default configuration classes for test class [com.urlshortner.UrlshortnerApplicationTests]: UrlshortnerApplicationTests does not declare any static, non-private, non-final, nested classes annotated with @Configuration.
2026-08-02T21:44:54.211+05:30  INFO 27145 --- [urlshortner] [    Test worker] .b.t.c.SpringBootTestContextBootstrapper : Found @SpringBootConfiguration com.urlshortner.UrlshortnerApplication for test class com.urlshortner.UrlshortnerApplicationTests
2026-08-02T21:44:54.211+05:30  INFO 27145 --- [urlshortner] [    Test worker] t.c.s.AnnotationConfigContextLoaderUtils : Could not detect default configuration classes for test class [com.urlshortner.UrlshortnerApplicationTests]: UrlshortnerApplicationTests does not declare any static, non-private, non-final, nested classes annotated with @Configuration.
2026-08-02T21:44:54.213+05:30  INFO 27145 --- [urlshortner] [    Test worker] .b.t.c.SpringBootTestContextBootstrapper : Found @SpringBootConfiguration com.urlshortner.UrlshortnerApplication for test class com.urlshortner.UrlshortnerApplicationTests
2026-08-02T21:44:54.214+05:30  INFO 27145 --- [urlshortner] [    Test worker] o.s.boot.tomcat.GracefulShutdown         : Commencing graceful shutdown. Waiting for active requests to complete
2026-08-02T21:44:54.227+05:30  WARN 27145 --- [urlshortner] [ioEventLoop-7-2] i.l.core.protocol.ConnectionWatchdog     : Cannot reconnect to [localhost/<unresolved>:50365]: Connection initialization timed out after 200 millisecond(s)
2026-08-02T21:44:54.227+05:30  WARN 27145 --- [urlshortner] [ioEventLoop-7-1] i.l.core.protocol.ConnectionWatchdog     : Cannot reconnect to [localhost/<unresolved>:50365]: Connection initialization timed out after 200 millisecond(s)
2026-08-02T21:44:54.227+05:30  WARN 27145 --- [urlshortner] [oEventLoop-7-14] i.l.core.protocol.ConnectionWatchdog     : Cannot reconnect to [localhost/<unresolved>:50365]: Connection initialization timed out after 200 millisecond(s)
2026-08-02T21:44:54.227+05:30  WARN 27145 --- [urlshortner] [oEventLoop-7-10] i.l.core.protocol.ConnectionWatchdog     : Cannot reconnect to [localhost/<unresolved>:50365]: Connection initialization timed out after 200 millisecond(s)
2026-08-02T21:44:54.227+05:30  WARN 27145 --- [urlshortner] [ioEventLoop-7-9] i.l.core.protocol.ConnectionWatchdog     : Cannot reconnect to [localhost/<unresolved>:50365]: Connection initialization timed out after 200 millisecond(s)
2026-08-02T21:44:54.227+05:30  WARN 27145 --- [urlshortner] [oEventLoop-7-11] i.l.core.protocol.ConnectionWatchdog     : Cannot reconnect to [localhost/<unresolved>:50365]: Connection initialization timed out after 200 millisecond(s)
2026-08-02T21:44:54.227+05:30  WARN 27145 --- [urlshortner] [oEventLoop-7-13] i.l.core.protocol.ConnectionWatchdog     : Cannot reconnect to [localhost/<unresolved>:50365]: Connection initialization timed out after 200 millisecond(s)
2026-08-02T21:44:54.227+05:30  WARN 27145 --- [urlshortner] [oEventLoop-7-12] i.l.core.protocol.ConnectionWatchdog     : Cannot reconnect to [localhost/<unresolved>:50365]: Connection initialization timed out after 200 millisecond(s)
2026-08-02T21:44:56.224+05:30  INFO 27145 --- [urlshortner] [tomcat-shutdown] o.s.boot.tomcat.GracefulShutdown         : Graceful shutdown complete
2026-08-02T21:44:56.224+05:30 ERROR 27145 --- [urlshortner] [auto-4-Acceptor] org.apache.tomcat.util.net.Acceptor      : Socket accept failed

java.nio.channels.AsynchronousCloseException
	at java.base/java.nio.channels.spi.AbstractInterruptibleChannel.end(AbstractInterruptibleChannel.java:203) ~[na:na]
	at java.base/sun.nio.ch.ServerSocketChannelImpl.end(ServerSocketChannelImpl.java:383) ~[na:na]
	at java.base/sun.nio.ch.ServerSocketChannelImpl.accept(ServerSocketChannelImpl.java:407) ~[na:na]
	at org.apache.tomcat.util.net.NioEndpoint.serverSocketAccept(NioEndpoint.java:532) ~[tomcat-embed-core-11.0.22.jar:11.0.22]
	at org.apache.tomcat.util.net.NioEndpoint.serverSocketAccept(NioEndpoint.java:71) ~[tomcat-embed-core-11.0.22.jar:11.0.22]
	at org.apache.tomcat.util.net.Acceptor.run(Acceptor.java:127) ~[tomcat-embed-core-11.0.22.jar:11.0.22]
	at java.base/java.lang.Thread.run(Thread.java:1583) ~[na:na]

2026-08-02T21:44:56.231+05:30 ERROR 27145 --- [urlshortner] [ecutorLoop-5-13] i.n.u.c.D.rejectedExecution              : Failed to submit a listener notification task. Event loop shut down?

java.util.concurrent.RejectedExecutionException: event executor terminated
	at io.netty.util.concurrent.SingleThreadEventExecutor.reject(SingleThreadEventExecutor.java:1125) ~[netty-common-4.2.15.Final.jar:4.2.15.Final]
	at io.netty.util.concurrent.SingleThreadEventExecutor.offerTask(SingleThreadEventExecutor.java:413) ~[netty-common-4.2.15.Final.jar:4.2.15.Final]
	at io.netty.util.concurrent.SingleThreadEventExecutor.addTask(SingleThreadEventExecutor.java:406) ~[netty-common-4.2.15.Final.jar:4.2.15.Final]
	at io.netty.util.concurrent.SingleThreadEventExecutor.execute(SingleThreadEventExecutor.java:1027) ~[netty-common-4.2.15.Final.jar:4.2.15.Final]
	at io.netty.util.concurrent.SingleThreadEventExecutor.execute0(SingleThreadEventExecutor.java:993) ~[netty-common-4.2.15.Final.jar:4.2.15.Final]
	at io.netty.util.concurrent.SingleThreadEventExecutor.execute(SingleThreadEventExecutor.java:983) ~[netty-common-4.2.15.Final.jar:4.2.15.Final]
	at io.netty.util.concurrent.DefaultPromise.safeExecute(DefaultPromise.java:879) ~[netty-common-4.2.15.Final.jar:4.2.15.Final]
	at io.netty.util.concurrent.DefaultPromise.notifyListeners(DefaultPromise.java:514) ~[netty-common-4.2.15.Final.jar:4.2.15.Final]
	at io.netty.util.concurrent.DefaultPromise.addListener(DefaultPromise.java:199) ~[netty-common-4.2.15.Final.jar:4.2.15.Final]
	at io.netty.channel.DefaultChannelPromise.addListener(DefaultChannelPromise.java:95) ~[netty-transport-4.2.15.Final.jar:4.2.15.Final]
	at io.netty.channel.DefaultChannelPromise.addListener(DefaultChannelPromise.java:30) ~[netty-transport-4.2.15.Final.jar:4.2.15.Final]
	at io.lettuce.core.protocol.RedisHandshakeHandler.fail(RedisHandshakeHandler.java:123) ~[lettuce-core-7.5.2.RELEASE.jar:7.5.2.RELEASE/5728917]
	at io.lettuce.core.protocol.RedisHandshakeHandler.lambda$channelRegistered$0(RedisHandshakeHandler.java:51) ~[lettuce-core-7.5.2.RELEASE.jar:7.5.2.RELEASE/5728917]
	at io.netty.util.concurrent.PromiseTask.runTask(PromiseTask.java:98) ~[netty-common-4.2.15.Final.jar:4.2.15.Final]
	at io.netty.util.concurrent.PromiseTask.run(PromiseTask.java:106) ~[netty-common-4.2.15.Final.jar:4.2.15.Final]
	at io.netty.util.concurrent.AbstractEventExecutor.runTask(AbstractEventExecutor.java:148) ~[netty-common-4.2.15.Final.jar:4.2.15.Final]
	at io.netty.util.concurrent.DefaultEventExecutor.run(DefaultEventExecutor.java:66) ~[netty-common-4.2.15.Final.jar:4.2.15.Final]
	at io.netty.util.concurrent.SingleThreadEventExecutor$5.run(SingleThreadEventExecutor.java:1195) ~[netty-common-4.2.15.Final.jar:4.2.15.Final]
	at io.netty.util.internal.ThreadExecutorMap$2.run(ThreadExecutorMap.java:74) ~[netty-common-4.2.15.Final.jar:4.2.15.Final]
	at io.netty.util.concurrent.FastThreadLocalRunnable.run(FastThreadLocalRunnable.java:30) ~[netty-common-4.2.15.Final.jar:4.2.15.Final]
	at java.base/java.lang.Thread.run(Thread.java:1583) ~[na:na]

2026-08-02T21:44:56.231+05:30 ERROR 27145 --- [urlshortner] [ecutorLoop-5-14] i.n.u.c.D.rejectedExecution              : Failed to submit a listener notification task. Event loop shut down?

java.util.concurrent.RejectedExecutionException: event executor terminated
	at io.netty.util.concurrent.SingleThreadEventExecutor.reject(SingleThreadEventExecutor.java:1125) ~[netty-common-4.2.15.Final.jar:4.2.15.Final]
	at io.netty.util.concurrent.SingleThreadEventExecutor.offerTask(SingleThreadEventExecutor.java:413) ~[netty-common-4.2.15.Final.jar:4.2.15.Final]
	at io.netty.util.concurrent.SingleThreadEventExecutor.addTask(SingleThreadEventExecutor.java:406) ~[netty-common-4.2.15.Final.jar:4.2.15.Final]
	at io.netty.util.concurrent.SingleThreadEventExecutor.execute(SingleThreadEventExecutor.java:1027) ~[netty-common-4.2.15.Final.jar:4.2.15.Final]
	at io.netty.util.concurrent.SingleThreadEventExecutor.execute0(SingleThreadEventExecutor.java:993) ~[netty-common-4.2.15.Final.jar:4.2.15.Final]
	at io.netty.util.concurrent.SingleThreadEventExecutor.execute(SingleThreadEventExecutor.java:983) ~[netty-common-4.2.15.Final.jar:4.2.15.Final]
	at io.netty.util.concurrent.DefaultPromise.safeExecute(DefaultPromise.java:879) ~[netty-common-4.2.15.Final.jar:4.2.15.Final]
	at io.netty.util.concurrent.DefaultPromise.notifyListeners(DefaultPromise.java:514) ~[netty-common-4.2.15.Final.jar:4.2.15.Final]
	at io.netty.util.concurrent.DefaultPromise.addListener(DefaultPromise.java:199) ~[netty-common-4.2.15.Final.jar:4.2.15.Final]
	at io.netty.channel.DefaultChannelPromise.addListener(DefaultChannelPromise.java:95) ~[netty-transport-4.2.15.Final.jar:4.2.15.Final]
	at io.netty.channel.DefaultChannelPromise.addListener(DefaultChannelPromise.java:30) ~[netty-transport-4.2.15.Final.jar:4.2.15.Final]
	at io.lettuce.core.protocol.RedisHandshakeHandler.fail(RedisHandshakeHandler.java:123) ~[lettuce-core-7.5.2.RELEASE.jar:7.5.2.RELEASE/5728917]
	at io.lettuce.core.protocol.RedisHandshakeHandler.lambda$channelRegistered$0(RedisHandshakeHandler.java:51) ~[lettuce-core-7.5.2.RELEASE.jar:7.5.2.RELEASE/5728917]
	at io.netty.util.concurrent.PromiseTask.runTask(PromiseTask.java:98) ~[netty-common-4.2.15.Final.jar:4.2.15.Final]
	at io.netty.util.concurrent.PromiseTask.run(PromiseTask.java:106) ~[netty-common-4.2.15.Final.jar:4.2.15.Final]
	at io.netty.util.concurrent.AbstractEventExecutor.runTask(AbstractEventExecutor.java:148) ~[netty-common-4.2.15.Final.jar:4.2.15.Final]
	at io.netty.util.concurrent.DefaultEventExecutor.run(DefaultEventExecutor.java:66) ~[netty-common-4.2.15.Final.jar:4.2.15.Final]
	at io.netty.util.concurrent.SingleThreadEventExecutor$5.run(SingleThreadEventExecutor.java:1195) ~[netty-common-4.2.15.Final.jar:4.2.15.Final]
	at io.netty.util.internal.ThreadExecutorMap$2.run(ThreadExecutorMap.java:74) ~[netty-common-4.2.15.Final.jar:4.2.15.Final]
	at io.netty.util.concurrent.FastThreadLocalRunnable.run(FastThreadLocalRunnable.java:30) ~[netty-common-4.2.15.Final.jar:4.2.15.Final]
	at java.base/java.lang.Thread.run(Thread.java:1583) ~[na:na]

2026-08-02T21:44:56.231+05:30 ERROR 27145 --- [urlshortner] [xecutorLoop-5-4] i.n.u.c.D.rejectedExecution              : Failed to submit a listener notification task. Event loop shut down?

java.util.concurrent.RejectedExecutionException: event executor terminated
	at io.netty.util.concurrent.SingleThreadEventExecutor.reject(SingleThreadEventExecutor.java:1125) ~[netty-common-4.2.15.Final.jar:4.2.15.Final]
	at io.netty.util.concurrent.SingleThreadEventExecutor.offerTask(SingleThreadEventExecutor.java:413) ~[netty-common-4.2.15.Final.jar:4.2.15.Final]
	at io.netty.util.concurrent.SingleThreadEventExecutor.addTask(SingleThreadEventExecutor.java:406) ~[netty-common-4.2.15.Final.jar:4.2.15.Final]
	at io.netty.util.concurrent.SingleThreadEventExecutor.execute(SingleThreadEventExecutor.java:1027) ~[netty-common-4.2.15.Final.jar:4.2.15.Final]
	at io.netty.util.concurrent.SingleThreadEventExecutor.execute0(SingleThreadEventExecutor.java:993) ~[netty-common-4.2.15.Final.jar:4.2.15.Final]
	at io.netty.util.concurrent.SingleThreadEventExecutor.execute(SingleThreadEventExecutor.java:983) ~[netty-common-4.2.15.Final.jar:4.2.15.Final]
	at io.netty.util.concurrent.DefaultPromise.safeExecute(DefaultPromise.java:879) ~[netty-common-4.2.15.Final.jar:4.2.15.Final]
	at io.netty.util.concurrent.DefaultPromise.notifyListeners(DefaultPromise.java:514) ~[netty-common-4.2.15.Final.jar:4.2.15.Final]
	at io.netty.util.concurrent.DefaultPromise.addListener(DefaultPromise.java:199) ~[netty-common-4.2.15.Final.jar:4.2.15.Final]
	at io.netty.channel.DefaultChannelPromise.addListener(DefaultChannelPromise.java:95) ~[netty-transport-4.2.15.Final.jar:4.2.15.Final]
	at io.netty.channel.DefaultChannelPromise.addListener(DefaultChannelPromise.java:30) ~[netty-transport-4.2.15.Final.jar:4.2.15.Final]
	at io.lettuce.core.protocol.RedisHandshakeHandler.fail(RedisHandshakeHandler.java:123) ~[lettuce-core-7.5.2.RELEASE.jar:7.5.2.RELEASE/5728917]
	at io.lettuce.core.protocol.RedisHandshakeHandler.lambda$channelRegistered$0(RedisHandshakeHandler.java:51) ~[lettuce-core-7.5.2.RELEASE.jar:7.5.2.RELEASE/5728917]
	at io.netty.util.concurrent.PromiseTask.runTask(PromiseTask.java:98) ~[netty-common-4.2.15.Final.jar:4.2.15.Final]
	at io.netty.util.concurrent.PromiseTask.run(PromiseTask.java:106) ~[netty-common-4.2.15.Final.jar:4.2.15.Final]
	at io.netty.util.concurrent.AbstractEventExecutor.runTask(AbstractEventExecutor.java:148) ~[netty-common-4.2.15.Final.jar:4.2.15.Final]
	at io.netty.util.concurrent.DefaultEventExecutor.run(DefaultEventExecutor.java:66) ~[netty-common-4.2.15.Final.jar:4.2.15.Final]
	at io.netty.util.concurrent.SingleThreadEventExecutor$5.run(SingleThreadEventExecutor.java:1195) ~[netty-common-4.2.15.Final.jar:4.2.15.Final]
	at io.netty.util.internal.ThreadExecutorMap$2.run(ThreadExecutorMap.java:74) ~[netty-common-4.2.15.Final.jar:4.2.15.Final]
	at io.netty.util.concurrent.FastThreadLocalRunnable.run(FastThreadLocalRunnable.java:30) ~[netty-common-4.2.15.Final.jar:4.2.15.Final]
	at java.base/java.lang.Thread.run(Thread.java:1583) ~[na:na]

2026-08-02T21:44:56.231+05:30 ERROR 27145 --- [urlshortner] [xecutorLoop-5-5] i.n.u.c.D.rejectedExecution              : Failed to submit a listener notification task. Event loop shut down?

java.util.concurrent.RejectedExecutionException: event executor terminated
	at io.netty.util.concurrent.SingleThreadEventExecutor.reject(SingleThreadEventExecutor.java:1125) ~[netty-common-4.2.15.Final.jar:4.2.15.Final]
	at io.netty.util.concurrent.SingleThreadEventExecutor.offerTask(SingleThreadEventExecutor.java:413) ~[netty-common-4.2.15.Final.jar:4.2.15.Final]
	at io.netty.util.concurrent.SingleThreadEventExecutor.addTask(SingleThreadEventExecutor.java:406) ~[netty-common-4.2.15.Final.jar:4.2.15.Final]
	at io.netty.util.concurrent.SingleThreadEventExecutor.execute(SingleThreadEventExecutor.java:1027) ~[netty-common-4.2.15.Final.jar:4.2.15.Final]
	at io.netty.util.concurrent.SingleThreadEventExecutor.execute0(SingleThreadEventExecutor.java:993) ~[netty-common-4.2.15.Final.jar:4.2.15.Final]
	at io.netty.util.concurrent.SingleThreadEventExecutor.execute(SingleThreadEventExecutor.java:983) ~[netty-common-4.2.15.Final.jar:4.2.15.Final]
	at io.netty.util.concurrent.DefaultPromise.safeExecute(DefaultPromise.java:879) ~[netty-common-4.2.15.Final.jar:4.2.15.Final]
	at io.netty.util.concurrent.DefaultPromise.notifyListeners(DefaultPromise.java:514) ~[netty-common-4.2.15.Final.jar:4.2.15.Final]
	at io.netty.util.concurrent.DefaultPromise.addListener(DefaultPromise.java:199) ~[netty-common-4.2.15.Final.jar:4.2.15.Final]
	at io.netty.channel.DefaultChannelPromise.addListener(DefaultChannelPromise.java:95) ~[netty-transport-4.2.15.Final.jar:4.2.15.Final]
	at io.netty.channel.DefaultChannelPromise.addListener(DefaultChannelPromise.java:30) ~[netty-transport-4.2.15.Final.jar:4.2.15.Final]
	at io.lettuce.core.protocol.RedisHandshakeHandler.fail(RedisHandshakeHandler.java:123) ~[lettuce-core-7.5.2.RELEASE.jar:7.5.2.RELEASE/5728917]
	at io.lettuce.core.protocol.RedisHandshakeHandler.lambda$channelRegistered$0(RedisHandshakeHandler.java:51) ~[lettuce-core-7.5.2.RELEASE.jar:7.5.2.RELEASE/5728917]
	at io.netty.util.concurrent.PromiseTask.runTask(PromiseTask.java:98) ~[netty-common-4.2.15.Final.jar:4.2.15.Final]
	at io.netty.util.concurrent.PromiseTask.run(PromiseTask.java:106) ~[netty-common-4.2.15.Final.jar:4.2.15.Final]
	at io.netty.util.concurrent.AbstractEventExecutor.runTask(AbstractEventExecutor.java:148) ~[netty-common-4.2.15.Final.jar:4.2.15.Final]
	at io.netty.util.concurrent.DefaultEventExecutor.run(DefaultEventExecutor.java:66) ~[netty-common-4.2.15.Final.jar:4.2.15.Final]
	at io.netty.util.concurrent.SingleThreadEventExecutor$5.run(SingleThreadEventExecutor.java:1195) ~[netty-common-4.2.15.Final.jar:4.2.15.Final]
	at io.netty.util.internal.ThreadExecutorMap$2.run(ThreadExecutorMap.java:74) ~[netty-common-4.2.15.Final.jar:4.2.15.Final]
	at io.netty.util.concurrent.FastThreadLocalRunnable.run(FastThreadLocalRunnable.java:30) ~[netty-common-4.2.15.Final.jar:4.2.15.Final]
	at java.base/java.lang.Thread.run(Thread.java:1583) ~[na:na]

2026-08-02T21:44:56.231+05:30 ERROR 27145 --- [urlshortner] [xecutorLoop-5-2] i.n.u.c.D.rejectedExecution              : Failed to submit a listener notification task. Event loop shut down?

java.util.concurrent.RejectedExecutionException: event executor terminated
	at io.netty.util.concurrent.SingleThreadEventExecutor.reject(SingleThreadEventExecutor.java:1125) ~[netty-common-4.2.15.Final.jar:4.2.15.Final]
	at io.netty.util.concurrent.SingleThreadEventExecutor.offerTask(SingleThreadEventExecutor.java:413) ~[netty-common-4.2.15.Final.jar:4.2.15.Final]
	at io.netty.util.concurrent.SingleThreadEventExecutor.addTask(SingleThreadEventExecutor.java:406) ~[netty-common-4.2.15.Final.jar:4.2.15.Final]
	at io.netty.util.concurrent.SingleThreadEventExecutor.execute(SingleThreadEventExecutor.java:1027) ~[netty-common-4.2.15.Final.jar:4.2.15.Final]
	at io.netty.util.concurrent.SingleThreadEventExecutor.execute0(SingleThreadEventExecutor.java:993) ~[netty-common-4.2.15.Final.jar:4.2.15.Final]
	at io.netty.util.concurrent.SingleThreadEventExecutor.execute(SingleThreadEventExecutor.java:983) ~[netty-common-4.2.15.Final.jar:4.2.15.Final]
	at io.netty.util.concurrent.DefaultPromise.safeExecute(DefaultPromise.java:879) ~[netty-common-4.2.15.Final.jar:4.2.15.Final]
	at io.netty.util.concurrent.DefaultPromise.notifyListeners(DefaultPromise.java:514) ~[netty-common-4.2.15.Final.jar:4.2.15.Final]
	at io.netty.util.concurrent.DefaultPromise.addListener(DefaultPromise.java:199) ~[netty-common-4.2.15.Final.jar:4.2.15.Final]
	at io.netty.channel.DefaultChannelPromise.addListener(DefaultChannelPromise.java:95) ~[netty-transport-4.2.15.Final.jar:4.2.15.Final]
	at io.netty.channel.DefaultChannelPromise.addListener(DefaultChannelPromise.java:30) ~[netty-transport-4.2.15.Final.jar:4.2.15.Final]
	at io.lettuce.core.protocol.RedisHandshakeHandler.fail(RedisHandshakeHandler.java:123) ~[lettuce-core-7.5.2.RELEASE.jar:7.5.2.RELEASE/5728917]
	at io.lettuce.core.protocol.RedisHandshakeHandler.lambda$channelRegistered$0(RedisHandshakeHandler.java:51) ~[lettuce-core-7.5.2.RELEASE.jar:7.5.2.RELEASE/5728917]
	at io.netty.util.concurrent.PromiseTask.runTask(PromiseTask.java:98) ~[netty-common-4.2.15.Final.jar:4.2.15.Final]
	at io.netty.util.concurrent.PromiseTask.run(PromiseTask.java:106) ~[netty-common-4.2.15.Final.jar:4.2.15.Final]
	at io.netty.util.concurrent.AbstractEventExecutor.runTask(AbstractEventExecutor.java:148) ~[netty-common-4.2.15.Final.jar:4.2.15.Final]
	at io.netty.util.concurrent.DefaultEventExecutor.run(DefaultEventExecutor.java:66) ~[netty-common-4.2.15.Final.jar:4.2.15.Final]
	at io.netty.util.concurrent.SingleThreadEventExecutor$5.run(SingleThreadEventExecutor.java:1195) ~[netty-common-4.2.15.Final.jar:4.2.15.Final]
	at io.netty.util.internal.ThreadExecutorMap$2.run(ThreadExecutorMap.java:74) ~[netty-common-4.2.15.Final.jar:4.2.15.Final]
	at io.netty.util.concurrent.FastThreadLocalRunnable.run(FastThreadLocalRunnable.java:30) ~[netty-common-4.2.15.Final.jar:4.2.15.Final]
	at java.base/java.lang.Thread.run(Thread.java:1583) ~[na:na]

2026-08-02T21:44:56.231+05:30 ERROR 27145 --- [urlshortner] [xecutorLoop-5-3] i.n.u.c.D.rejectedExecution              : Failed to submit a listener notification task. Event loop shut down?

java.util.concurrent.RejectedExecutionException: event executor terminated
	at io.netty.util.concurrent.SingleThreadEventExecutor.reject(SingleThreadEventExecutor.java:1125) ~[netty-common-4.2.15.Final.jar:4.2.15.Final]
	at io.netty.util.concurrent.SingleThreadEventExecutor.offerTask(SingleThreadEventExecutor.java:413) ~[netty-common-4.2.15.Final.jar:4.2.15.Final]
	at io.netty.util.concurrent.SingleThreadEventExecutor.addTask(SingleThreadEventExecutor.java:406) ~[netty-common-4.2.15.Final.jar:4.2.15.Final]
	at io.netty.util.concurrent.SingleThreadEventExecutor.execute(SingleThreadEventExecutor.java:1027) ~[netty-common-4.2.15.Final.jar:4.2.15.Final]
	at io.netty.util.concurrent.SingleThreadEventExecutor.execute0(SingleThreadEventExecutor.java:993) ~[netty-common-4.2.15.Final.jar:4.2.15.Final]
	at io.netty.util.concurrent.SingleThreadEventExecutor.execute(SingleThreadEventExecutor.java:983) ~[netty-common-4.2.15.Final.jar:4.2.15.Final]
	at io.netty.util.concurrent.DefaultPromise.safeExecute(DefaultPromise.java:879) ~[netty-common-4.2.15.Final.jar:4.2.15.Final]
	at io.netty.util.concurrent.DefaultPromise.notifyListeners(DefaultPromise.java:514) ~[netty-common-4.2.15.Final.jar:4.2.15.Final]
	at io.netty.util.concurrent.DefaultPromise.addListener(DefaultPromise.java:199) ~[netty-common-4.2.15.Final.jar:4.2.15.Final]
	at io.netty.channel.DefaultChannelPromise.addListener(DefaultChannelPromise.java:95) ~[netty-transport-4.2.15.Final.jar:4.2.15.Final]
	at io.netty.channel.DefaultChannelPromise.addListener(DefaultChannelPromise.java:30) ~[netty-transport-4.2.15.Final.jar:4.2.15.Final]
	at io.lettuce.core.protocol.RedisHandshakeHandler.fail(RedisHandshakeHandler.java:123) ~[lettuce-core-7.5.2.RELEASE.jar:7.5.2.RELEASE/5728917]
	at io.lettuce.core.protocol.RedisHandshakeHandler.lambda$channelRegistered$0(RedisHandshakeHandler.java:51) ~[lettuce-core-7.5.2.RELEASE.jar:7.5.2.RELEASE/5728917]
	at io.netty.util.concurrent.PromiseTask.runTask(PromiseTask.java:98) ~[netty-common-4.2.15.Final.jar:4.2.15.Final]
	at io.netty.util.concurrent.PromiseTask.run(PromiseTask.java:106) ~[netty-common-4.2.15.Final.jar:4.2.15.Final]
	at io.netty.util.concurrent.AbstractEventExecutor.runTask(AbstractEventExecutor.java:148) ~[netty-common-4.2.15.Final.jar:4.2.15.Final]
	at io.netty.util.concurrent.DefaultEventExecutor.run(DefaultEventExecutor.java:66) ~[netty-common-4.2.15.Final.jar:4.2.15.Final]
	at io.netty.util.concurrent.SingleThreadEventExecutor$5.run(SingleThreadEventExecutor.java:1195) ~[netty-common-4.2.15.Final.jar:4.2.15.Final]
	at io.netty.util.internal.ThreadExecutorMap$2.run(ThreadExecutorMap.java:74) ~[netty-common-4.2.15.Final.jar:4.2.15.Final]
	at io.netty.util.concurrent.FastThreadLocalRunnable.run(FastThreadLocalRunnable.java:30) ~[netty-common-4.2.15.Final.jar:4.2.15.Final]
	at java.base/java.lang.Thread.run(Thread.java:1583) ~[na:na]

2026-08-02T21:44:56.231+05:30 ERROR 27145 --- [urlshortner] [xecutorLoop-5-6] i.n.u.c.D.rejectedExecution              : Failed to submit a listener notification task. Event loop shut down?

java.util.concurrent.RejectedExecutionException: event executor terminated
	at io.netty.util.concurrent.SingleThreadEventExecutor.reject(SingleThreadEventExecutor.java:1125) ~[netty-common-4.2.15.Final.jar:4.2.15.Final]
	at io.netty.util.concurrent.SingleThreadEventExecutor.offerTask(SingleThreadEventExecutor.java:413) ~[netty-common-4.2.15.Final.jar:4.2.15.Final]
	at io.netty.util.concurrent.SingleThreadEventExecutor.addTask(SingleThreadEventExecutor.java:406) ~[netty-common-4.2.15.Final.jar:4.2.15.Final]
	at io.netty.util.concurrent.SingleThreadEventExecutor.execute(SingleThreadEventExecutor.java:1027) ~[netty-common-4.2.15.Final.jar:4.2.15.Final]
	at io.netty.util.concurrent.SingleThreadEventExecutor.execute0(SingleThreadEventExecutor.java:993) ~[netty-common-4.2.15.Final.jar:4.2.15.Final]
	at io.netty.util.concurrent.SingleThreadEventExecutor.execute(SingleThreadEventExecutor.java:983) ~[netty-common-4.2.15.Final.jar:4.2.15.Final]
	at io.netty.util.concurrent.DefaultPromise.safeExecute(DefaultPromise.java:879) ~[netty-common-4.2.15.Final.jar:4.2.15.Final]
	at io.netty.util.concurrent.DefaultPromise.notifyListeners(DefaultPromise.java:514) ~[netty-common-4.2.15.Final.jar:4.2.15.Final]
	at io.netty.util.concurrent.DefaultPromise.addListener(DefaultPromise.java:199) ~[netty-common-4.2.15.Final.jar:4.2.15.Final]
	at io.netty.channel.DefaultChannelPromise.addListener(DefaultChannelPromise.java:95) ~[netty-transport-4.2.15.Final.jar:4.2.15.Final]
	at io.netty.channel.DefaultChannelPromise.addListener(DefaultChannelPromise.java:30) ~[netty-transport-4.2.15.Final.jar:4.2.15.Final]
	at io.lettuce.core.protocol.RedisHandshakeHandler.fail(RedisHandshakeHandler.java:123) ~[lettuce-core-7.5.2.RELEASE.jar:7.5.2.RELEASE/5728917]
	at io.lettuce.core.protocol.RedisHandshakeHandler.lambda$channelRegistered$0(RedisHandshakeHandler.java:51) ~[lettuce-core-7.5.2.RELEASE.jar:7.5.2.RELEASE/5728917]
	at io.netty.util.concurrent.PromiseTask.runTask(PromiseTask.java:98) ~[netty-common-4.2.15.Final.jar:4.2.15.Final]
	at io.netty.util.concurrent.PromiseTask.run(PromiseTask.java:106) ~[netty-common-4.2.15.Final.jar:4.2.15.Final]
	at io.netty.util.concurrent.AbstractEventExecutor.runTask(AbstractEventExecutor.java:148) ~[netty-common-4.2.15.Final.jar:4.2.15.Final]
	at io.netty.util.concurrent.DefaultEventExecutor.run(DefaultEventExecutor.java:66) ~[netty-common-4.2.15.Final.jar:4.2.15.Final]
	at io.netty.util.concurrent.SingleThreadEventExecutor$5.run(SingleThreadEventExecutor.java:1195) ~[netty-common-4.2.15.Final.jar:4.2.15.Final]
	at io.netty.util.internal.ThreadExecutorMap$2.run(ThreadExecutorMap.java:74) ~[netty-common-4.2.15.Final.jar:4.2.15.Final]
	at io.netty.util.concurrent.FastThreadLocalRunnable.run(FastThreadLocalRunnable.java:30) ~[netty-common-4.2.15.Final.jar:4.2.15.Final]
	at java.base/java.lang.Thread.run(Thread.java:1583) ~[na:na]

2026-08-02T21:44:56.231+05:30 ERROR 27145 --- [urlshortner] [xecutorLoop-5-1] i.n.u.c.D.rejectedExecution              : Failed to submit a listener notification task. Event loop shut down?

java.util.concurrent.RejectedExecutionException: event executor terminated
	at io.netty.util.concurrent.SingleThreadEventExecutor.reject(SingleThreadEventExecutor.java:1125) ~[netty-common-4.2.15.Final.jar:4.2.15.Final]
	at io.netty.util.concurrent.SingleThreadEventExecutor.offerTask(SingleThreadEventExecutor.java:413) ~[netty-common-4.2.15.Final.jar:4.2.15.Final]
	at io.netty.util.concurrent.SingleThreadEventExecutor.addTask(SingleThreadEventExecutor.java:406) ~[netty-common-4.2.15.Final.jar:4.2.15.Final]
	at io.netty.util.concurrent.SingleThreadEventExecutor.execute(SingleThreadEventExecutor.java:1027) ~[netty-common-4.2.15.Final.jar:4.2.15.Final]
	at io.netty.util.concurrent.SingleThreadEventExecutor.execute0(SingleThreadEventExecutor.java:993) ~[netty-common-4.2.15.Final.jar:4.2.15.Final]
	at io.netty.util.concurrent.SingleThreadEventExecutor.execute(SingleThreadEventExecutor.java:983) ~[netty-common-4.2.15.Final.jar:4.2.15.Final]
	at io.netty.util.concurrent.DefaultPromise.safeExecute(DefaultPromise.java:879) ~[netty-common-4.2.15.Final.jar:4.2.15.Final]
	at io.netty.util.concurrent.DefaultPromise.notifyListeners(DefaultPromise.java:514) ~[netty-common-4.2.15.Final.jar:4.2.15.Final]
	at io.netty.util.concurrent.DefaultPromise.addListener(DefaultPromise.java:199) ~[netty-common-4.2.15.Final.jar:4.2.15.Final]
	at io.netty.channel.DefaultChannelPromise.addListener(DefaultChannelPromise.java:95) ~[netty-transport-4.2.15.Final.jar:4.2.15.Final]
	at io.netty.channel.DefaultChannelPromise.addListener(DefaultChannelPromise.java:30) ~[netty-transport-4.2.15.Final.jar:4.2.15.Final]
	at io.lettuce.core.protocol.RedisHandshakeHandler.fail(RedisHandshakeHandler.java:123) ~[lettuce-core-7.5.2.RELEASE.jar:7.5.2.RELEASE/5728917]
	at io.lettuce.core.protocol.RedisHandshakeHandler.lambda$channelRegistered$0(RedisHandshakeHandler.java:51) ~[lettuce-core-7.5.2.RELEASE.jar:7.5.2.RELEASE/5728917]
	at io.netty.util.concurrent.PromiseTask.runTask(PromiseTask.java:98) ~[netty-common-4.2.15.Final.jar:4.2.15.Final]
	at io.netty.util.concurrent.PromiseTask.run(PromiseTask.java:106) ~[netty-common-4.2.15.Final.jar:4.2.15.Final]
	at io.netty.util.concurrent.AbstractEventExecutor.runTask(AbstractEventExecutor.java:148) ~[netty-common-4.2.15.Final.jar:4.2.15.Final]
	at io.netty.util.concurrent.DefaultEventExecutor.run(DefaultEventExecutor.java:66) ~[netty-common-4.2.15.Final.jar:4.2.15.Final]
	at io.netty.util.concurrent.SingleThreadEventExecutor$5.run(SingleThreadEventExecutor.java:1195) ~[netty-common-4.2.15.Final.jar:4.2.15.Final]
	at io.netty.util.internal.ThreadExecutorMap$2.run(ThreadExecutorMap.java:74) ~[netty-common-4.2.15.Final.jar:4.2.15.Final]
	at io.netty.util.concurrent.FastThreadLocalRunnable.run(FastThreadLocalRunnable.java:30) ~[netty-common-4.2.15.Final.jar:4.2.15.Final]
	at java.base/java.lang.Thread.run(Thread.java:1583) ~[na:na]


  .   ____          _            __ _ _
 /\\ / ___'_ __ _ _(_)_ __  __ _ \ \ \ \
( ( )\___ | '_ | '_| | '_ \/ _` | \ \ \ \
 \\/  ___)| |_)| | | | | || (_| |  ) ) ) )
  '  |____| .__|_| |_|_| |_\__, | / / / /
 =========|_|==============|___/=/_/_/_/

 :: Spring Boot ::                (v4.1.0)

2026-08-02T21:44:56.246+05:30  INFO 27145 --- [urlshortner] [    Test worker] c.u.UrlshortnerApplicationTests          : Starting UrlshortnerApplicationTests using Java 21.0.12 with PID 27145 (started by abhimanyu.sharma in /Users/abhimanyu.sharma/Documents/dev/urlshortner/urlshortner)
2026-08-02T21:44:56.247+05:30  INFO 27145 --- [urlshortner] [    Test worker] c.u.UrlshortnerApplicationTests          : No active profile set, falling back to 1 default profile: "default"
2026-08-02T21:44:56.307+05:30  INFO 27145 --- [urlshortner] [    Test worker] .s.d.r.c.RepositoryConfigurationDelegate : Multiple Spring Data modules found, entering strict repository configuration mode
2026-08-02T21:44:56.307+05:30  INFO 27145 --- [urlshortner] [    Test worker] .s.d.r.c.RepositoryConfigurationDelegate : Bootstrapping Spring Data JPA repositories in DEFAULT mode.
2026-08-02T21:44:56.310+05:30  INFO 27145 --- [urlshortner] [    Test worker] .s.d.r.c.RepositoryConfigurationDelegate : Finished Spring Data repository scanning in 2 ms. Found 1 JPA repository interface.
2026-08-02T21:44:56.312+05:30  INFO 27145 --- [urlshortner] [    Test worker] .s.d.r.c.RepositoryConfigurationDelegate : Multiple Spring Data modules found, entering strict repository configuration mode
2026-08-02T21:44:56.312+05:30  INFO 27145 --- [urlshortner] [    Test worker] .s.d.r.c.RepositoryConfigurationDelegate : Bootstrapping Spring Data Redis repositories in DEFAULT mode.
2026-08-02T21:44:56.314+05:30  INFO 27145 --- [urlshortner] [    Test worker] .RepositoryConfigurationExtensionSupport : Spring Data Redis - Could not safely identify store assignment for repository candidate interface com.urlshortner.repository.UrlRepository; If you want this repository to be a Redis repository, consider annotating your entities with one of these annotations: org.springframework.data.redis.core.RedisHash (preferred), or consider extending one of the following types with your repository: org.springframework.data.keyvalue.repository.KeyValueRepository
2026-08-02T21:44:56.314+05:30  INFO 27145 --- [urlshortner] [    Test worker] .s.d.r.c.RepositoryConfigurationDelegate : Finished Spring Data repository scanning in 0 ms. Found 0 Redis repository interfaces.
2026-08-02T21:44:56.340+05:30  INFO 27145 --- [urlshortner] [    Test worker] tc.redis:7-alpine                        : Creating container for image: redis:7-alpine
2026-08-02T21:44:56.381+05:30  INFO 27145 --- [urlshortner] [    Test worker] tc.redis:7-alpine                        : Container redis:7-alpine is starting: 1e12383974a938a6fa648fc58bfbf3f7375698c1d2216c97aa0794c63de85fa7
2026-08-02T21:44:56.541+05:30  INFO 27145 --- [urlshortner] [    Test worker] tc.redis:7-alpine                        : Container redis:7-alpine started in PT0.200397S
2026-08-02T21:44:56.541+05:30  INFO 27145 --- [urlshortner] [    Test worker] tc.mysql:8.0                             : Creating container for image: mysql:8.0
2026-08-02T21:44:56.576+05:30  INFO 27145 --- [urlshortner] [    Test worker] tc.mysql:8.0                             : Container mysql:8.0 is starting: db8fa1fcf0eb2751b013f4c9548ba41dfe5dd25ac359f72d56230bbad1bae3c1
2026-08-02T21:44:56.716+05:30  INFO 27145 --- [urlshortner] [    Test worker] tc.mysql:8.0                             : Waiting for database connection to become available at jdbc:mysql://localhost:50474/urlshortener using query 'SELECT 1'
2026-08-02T21:45:01.062+05:30  INFO 27145 --- [urlshortner] [    Test worker] tc.mysql:8.0                             : Container mysql:8.0 started in PT4.521481S
2026-08-02T21:45:01.063+05:30  INFO 27145 --- [urlshortner] [    Test worker] tc.mysql:8.0                             : Container is started (JDBC URL: jdbc:mysql://localhost:50474/urlshortener)
2026-08-02T21:45:01.095+05:30  INFO 27145 --- [urlshortner] [    Test worker] org.flywaydb.core.FlywayExecutor         : Database: jdbc:mysql://localhost:50474/urlshortener (MySQL 8.0)
2026-08-02T21:45:01.104+05:30  INFO 27145 --- [urlshortner] [    Test worker] o.f.c.i.s.JdbcTableSchemaHistory         : Schema history table `urlshortener`.`flyway_schema_history` does not exist yet
2026-08-02T21:45:01.105+05:30  INFO 27145 --- [urlshortner] [    Test worker] o.f.core.internal.command.DbValidate     : Successfully validated 3 migrations (execution time 00:00.002s)
2026-08-02T21:45:01.111+05:30  INFO 27145 --- [urlshortner] [    Test worker] org.flywaydb.core.Flyway                 : All configured schemas are empty; a baseline marker will not be added to Flyway's schema history table. A baseline or migration script with a lower version than the baseline version may execute if available. Check the Schemas parameter if this is not intended. See https://help.red-gate.com/help/flyway-cli12/help_4.aspx?topic=baseline-on-migrate for more info
2026-08-02T21:45:01.112+05:30  INFO 27145 --- [urlshortner] [    Test worker] o.f.c.i.s.JdbcTableSchemaHistory         : Creating Schema History table `urlshortener`.`flyway_schema_history` ...
2026-08-02T21:45:01.130+05:30  INFO 27145 --- [urlshortner] [    Test worker] o.f.core.internal.command.DbMigrate      : Current version of schema `urlshortener`: << Empty Schema >>
2026-08-02T21:45:01.132+05:30  INFO 27145 --- [urlshortner] [    Test worker] o.f.core.internal.command.DbMigrate      : Migrating schema `urlshortener` to version "1 - init schema"
2026-08-02T21:45:01.150+05:30  INFO 27145 --- [urlshortner] [    Test worker] o.f.core.internal.command.DbMigrate      : Migrating schema `urlshortener` to version "2 - add url hash for dedup"
2026-08-02T21:45:01.171+05:30  INFO 27145 --- [urlshortner] [    Test worker] o.f.core.internal.command.DbMigrate      : Migrating schema `urlshortener` to version "3 - drop original url hash"
2026-08-02T21:45:01.190+05:30  INFO 27145 --- [urlshortner] [    Test worker] o.f.core.internal.command.DbMigrate      : Successfully applied 3 migrations to schema `urlshortener`, now at version v3 (execution time 00:00.036s)
2026-08-02T21:45:01.198+05:30  INFO 27145 --- [urlshortner] [    Test worker] org.hibernate.orm.jpa                    : HHH008540: Processing PersistenceUnitInfo [name: default]
2026-08-02T21:45:01.207+05:30  INFO 27145 --- [urlshortner] [    Test worker] o.s.o.j.p.SpringPersistenceUnitInfo      : No LoadTimeWeaver setup: ignoring JPA class transformer
2026-08-02T21:45:01.207+05:30  INFO 27145 --- [urlshortner] [    Test worker] com.zaxxer.hikari.HikariDataSource       : urlshortener-hikari - Starting...
2026-08-02T21:45:01.214+05:30  INFO 27145 --- [urlshortner] [    Test worker] com.zaxxer.hikari.pool.HikariPool        : urlshortener-hikari - Added connection com.mysql.cj.jdbc.ConnectionImpl@3343ad78
2026-08-02T21:45:01.214+05:30  INFO 27145 --- [urlshortner] [    Test worker] com.zaxxer.hikari.HikariDataSource       : urlshortener-hikari - Start completed.
2026-08-02T21:45:01.215+05:30  WARN 27145 --- [urlshortner] [    Test worker] org.hibernate.orm.deprecation            : HHH90000025: MySQLDialect does not need to be specified explicitly using 'hibernate.dialect' (remove the property setting and it will be selected by default)
2026-08-02T21:45:01.215+05:30  INFO 27145 --- [urlshortner] [    Test worker] org.hibernate.orm.connections.pooling    : HHH10001005: Database info:
	Database JDBC URL [jdbc:mysql://localhost:50474/urlshortener]
	Database driver: MySQL Connector/J
	Database dialect: MySQLDialect
	Database version: 8.0.46
	Default catalog/schema: urlshortener/undefined
	Autocommit mode: undefined/unknown
	Isolation level: REPEATABLE_READ [default REPEATABLE_READ]
	JDBC fetch size: none
	Pool: DataSourceConnectionProvider
	Minimum pool size: undefined/unknown
	Maximum pool size: undefined/unknown
2026-08-02T21:45:01.226+05:30  INFO 27145 --- [urlshortner] [    Test worker] org.hibernate.orm.core                   : HHH000489: No JTA platform available (set 'hibernate.transaction.jta.platform' to enable JTA platform integration)
2026-08-02T21:45:01.226+05:30  INFO 27145 --- [urlshortner] [    Test worker] org.hibernate.orm.jdbc.batch             : HHH100501: Automatic JDBC statement batching enabled (maximum batch size 100)
2026-08-02T21:45:01.226+05:30  INFO 27145 --- [urlshortner] [    Test worker] j.LocalContainerEntityManagerFactoryBean : Initialized JPA EntityManagerFactory for persistence unit 'default'
2026-08-02T21:45:01.273+05:30  INFO 27145 --- [urlshortner] [    Test worker] o.s.b.w.a.WelcomePageHandlerMapping      : Adding welcome page: class path resource [static/index.html]
2026-08-02T21:45:01.323+05:30  INFO 27145 --- [urlshortner] [    Test worker] c.u.UrlshortnerApplicationTests          : Started UrlshortnerApplicationTests in 5.089 seconds (process running for 30.246)
]]></system-out>
  <system-err><![CDATA[]]></system-err>
</testsuite>
