<?xml version="1.0" encoding="UTF-8"?>
<testsuite name="com.urlshortner.util.UrlValidatorTest$SsrfBlocklist" tests="13" skipped="0" failures="0" errors="0" timestamp="2026-08-02T16:15:02.519Z" hostname="abhimanyu-sharma-mbp-2a" time="0.006">
  <properties/>
  <testcase name="blocks metadata host &quot;&quot;http://metadata.google.internal/computeMetadata/v1/&quot;&quot;" classname="com.urlshortner.util.UrlValidatorTest$SsrfBlocklist" time="0.0"/>
  <testcase name="blocks metadata host &quot;&quot;http://metadata.goog/&quot;&quot;" classname="com.urlshortner.util.UrlValidatorTest$SsrfBlocklist" time="0.0"/>
  <testcase name="blocks private/link-local &quot;&quot;http://10.0.0.1/&quot;&quot;" classname="com.urlshortner.util.UrlValidatorTest$SsrfBlocklist" time="0.0"/>
  <testcase name="blocks private/link-local &quot;&quot;http://10.255.255.254/foo&quot;&quot;" classname="com.urlshortner.util.UrlValidatorTest$SsrfBlocklist" time="0.0"/>
  <testcase name="blocks private/link-local &quot;&quot;http://172.16.0.1/&quot;&quot;" classname="com.urlshortner.util.UrlValidatorTest$SsrfBlocklist" time="0.0"/>
  <testcase name="blocks private/link-local &quot;&quot;http://172.31.255.1/&quot;&quot;" classname="com.urlshortner.util.UrlValidatorTest$SsrfBlocklist" time="0.0"/>
  <testcase name="blocks private/link-local &quot;&quot;http://192.168.1.1/&quot;&quot;" classname="com.urlshortner.util.UrlValidatorTest$SsrfBlocklist" time="0.0"/>
  <testcase name="blocks private/link-local &quot;&quot;http://169.254.169.254/latest/meta-data/&quot;&quot;" classname="com.urlshortner.util.UrlValidatorTest$SsrfBlocklist" time="0.0"/>
  <testcase name="blocks loopback &quot;&quot;http://127.0.0.1/admin&quot;&quot;" classname="com.urlshortner.util.UrlValidatorTest$SsrfBlocklist" time="0.0"/>
  <testcase name="blocks loopback &quot;&quot;http://127.1.2.3/&quot;&quot;" classname="com.urlshortner.util.UrlValidatorTest$SsrfBlocklist" time="0.0"/>
  <testcase name="blocks loopback &quot;&quot;http://localhost/private&quot;&quot;" classname="com.urlshortner.util.UrlValidatorTest$SsrfBlocklist" time="0.0"/>
  <testcase name="blocks loopback &quot;&quot;http://[::1]/foo&quot;&quot;" classname="com.urlshortner.util.UrlValidatorTest$SsrfBlocklist" time="0.0"/>
  <testcase name="blocksZeroAddress()" classname="com.urlshortner.util.UrlValidatorTest$SsrfBlocklist" time="0.001"/>
  <system-out><![CDATA[]]></system-out>
  <system-err><![CDATA[]]></system-err>
</testsuite>
