<?xml version="1.0" encoding="UTF-8"?>
<testsuite name="com.urlshortner.util.UrlNormalizerTest$Rejects" tests="2" skipped="0" failures="0" errors="0" timestamp="2026-08-02T16:15:02.511Z" hostname="abhimanyu-sharma-mbp-2a" time="0.001">
  <properties/>
  <testcase name="rejectsBlank()" classname="com.urlshortner.util.UrlNormalizerTest$Rejects" time="0.0"/>
  <testcase name="rejectsNull()" classname="com.urlshortner.util.UrlNormalizerTest$Rejects" time="0.001"/>
  <system-out><![CDATA[]]></system-out>
  <system-err><![CDATA[]]></system-err>
</testsuite>
