<?xml version="1.0" encoding="UTF-8"?>
<testsuite name="com.urlshortner.util.Base62EncoderTest$Decode" tests="20" skipped="0" failures="0" errors="0" timestamp="2026-08-02T16:15:02.478Z" hostname="abhimanyu-sharma-mbp-2a" time="0.017">
  <properties/>
  <testcase name="rejectsEmpty()" classname="com.urlshortner.util.Base62EncoderTest$Decode" time="0.0"/>
  <testcase name="decode(&quot;&quot;@&quot;&quot;) rejects invalid input" classname="com.urlshortner.util.Base62EncoderTest$Decode" time="0.0"/>
  <testcase name="decode(&quot;&quot;!&quot;&quot;) rejects invalid input" classname="com.urlshortner.util.Base62EncoderTest$Decode" time="0.001"/>
  <testcase name="decode(&quot;&quot;/&quot;&quot;) rejects invalid input" classname="com.urlshortner.util.Base62EncoderTest$Decode" time="0.0"/>
  <testcase name="decode(&quot;&quot; &quot;&quot;) rejects invalid input" classname="com.urlshortner.util.Base62EncoderTest$Decode" time="0.0"/>
  <testcase name="decode(&quot;&quot;hello!&quot;&quot;) rejects invalid input" classname="com.urlshortner.util.Base62EncoderTest$Decode" time="0.0"/>
  <testcase name="decode(&quot;&quot;abc$def&quot;&quot;) rejects invalid input" classname="com.urlshortner.util.Base62EncoderTest$Decode" time="0.0"/>
  <testcase name="decode(&quot;&quot;-&quot;&quot;) rejects invalid input" classname="com.urlshortner.util.Base62EncoderTest$Decode" time="0.0"/>
  <testcase name="decode(&quot;&quot;_&quot;&quot;) rejects invalid input" classname="com.urlshortner.util.Base62EncoderTest$Decode" time="0.0"/>
  <testcase name="decode(&quot;&quot;0&quot;&quot;) == &quot;0&quot;" classname="com.urlshortner.util.Base62EncoderTest$Decode" time="0.004"/>
  <testcase name="decode(&quot;&quot;1&quot;&quot;) == &quot;1&quot;" classname="com.urlshortner.util.Base62EncoderTest$Decode" time="0.001"/>
  <testcase name="decode(&quot;&quot;9&quot;&quot;) == &quot;9&quot;" classname="com.urlshortner.util.Base62EncoderTest$Decode" time="0.0"/>
  <testcase name="decode(&quot;&quot;A&quot;&quot;) == &quot;10&quot;" classname="com.urlshortner.util.Base62EncoderTest$Decode" time="0.0"/>
  <testcase name="decode(&quot;&quot;Z&quot;&quot;) == &quot;35&quot;" classname="com.urlshortner.util.Base62EncoderTest$Decode" time="0.0"/>
  <testcase name="decode(&quot;&quot;a&quot;&quot;) == &quot;36&quot;" classname="com.urlshortner.util.Base62EncoderTest$Decode" time="0.0"/>
  <testcase name="decode(&quot;&quot;z&quot;&quot;) == &quot;61&quot;" classname="com.urlshortner.util.Base62EncoderTest$Decode" time="0.0"/>
  <testcase name="decode(&quot;&quot;10&quot;&quot;) == &quot;62&quot;" classname="com.urlshortner.util.Base62EncoderTest$Decode" time="0.0"/>
  <testcase name="decode(&quot;&quot;zz&quot;&quot;) == &quot;3843&quot;" classname="com.urlshortner.util.Base62EncoderTest$Decode" time="0.001"/>
  <testcase name="decode(&quot;&quot;100&quot;&quot;) == &quot;3844&quot;" classname="com.urlshortner.util.Base62EncoderTest$Decode" time="0.0"/>
  <testcase name="rejectsNull()" classname="com.urlshortner.util.Base62EncoderTest$Decode" time="0.0"/>
  <system-out><![CDATA[]]></system-out>
  <system-err><![CDATA[]]></system-err>
</testsuite>
