<?xml version="1.0" encoding="UTF-8"?>
<testsuite name="com.urlshortner.UrlShortenerIntegrationTest" tests="11" skipped="0" failures="0" errors="0" timestamp="2026-08-02T16:14:31.388Z" hostname="abhimanyu-sharma-mbp-2a" time="15.764">
  <properties/>
  <testcase name="expiredUrlReturns404OnRedirect()" classname="com.urlshortner.UrlShortenerIntegrationTest" time="3.665"/>
  <testcase name="duplicateCustomAliasReturns409ProblemDetail()" classname="com.urlshortner.UrlShortenerIntegrationTest" time="0.041"/>
  <testcase name="nonHttpSchemeRejectedWith400()" classname="com.urlshortner.UrlShortenerIntegrationTest" time="0.026"/>
  <testcase name="rateLimit_101stRequestReturns429WithHeaders()" classname="com.urlshortner.UrlShortenerIntegrationTest" time="0.323"/>
  <testcase name="customAliasBypassesDedupAndCreatesAdditionalRow()" classname="com.urlshortner.UrlShortenerIntegrationTest" time="0.037"/>
  <testcase name="ssrfLoopbackTargetRejectedWith400()" classname="com.urlshortner.UrlShortenerIntegrationTest" time="0.017"/>
  <testcase name="endToEndCreateRedirectAndStats()" classname="com.urlshortner.UrlShortenerIntegrationTest" time="0.029"/>
  <testcase name="dedupReturnsSameShortCodeForRepeatedUrlWithoutAlias()" classname="com.urlshortner.UrlShortenerIntegrationTest" time="0.028"/>
  <testcase name="spoofedXForwardedForIgnoredWhenNoTrustedProxyConfigured()" classname="com.urlshortner.UrlShortenerIntegrationTest" time="0.27"/>
  <testcase name="invalidPayloadReturnsProblemDetailWith400()" classname="com.urlshortner.UrlShortenerIntegrationTest" time="0.019"/>
  <testcase name="concurrentShortensOfSameUrlAllReturnTheSameCode()" classname="com.urlshortner.UrlShortenerIntegrationTest" time="0.056"/>
  <system-out><![CDATA[21:44:31.412 [Test worker] INFO org.testcontainers.images.PullPolicy -- Image pull policy will be performed by: DefaultPullPolicy()
21:44:31.414 [Test worker] INFO org.testcontainers.utility.ImageNameSubstitutor -- Image name substitution will be performed by: DefaultImageNameSubstitutor (composite of 'ConfigurationFileImageNameSubstitutor' and 'PrefixingImageNameSubstitutor')
21:44:31.419 [Test worker] INFO org.testcontainers.DockerClientFactory -- Testcontainers version: 2.0.5
21:44:31.496 [Test worker] INFO org.testcontainers.dockerclient.DockerClientProviderStrategy -- Loaded org.testcontainers.dockerclient.UnixSocketClientProviderStrategy from ~/.testcontainers.properties, will try it first
21:44:31.642 [Test worker] INFO org.testcontainers.dockerclient.DockerClientProviderStrategy -- Found Docker environment with local Unix socket (unix:///var/run/docker.sock)
21:44:31.642 [Test worker] INFO org.testcontainers.DockerClientFactory -- Docker host IP address is localhost
21:44:31.651 [Test worker] INFO org.testcontainers.DockerClientFactory -- Connected to docker: 
  Server Version: 28.3.2
  API Version: 1.51
  Operating System: Docker Desktop
  Total Memory: 15469 MB
  Labels: 
    com.docker.desktop.address=unix:///Users/abhimanyu.sharma/Library/Containers/com.docker.docker/Data/docker-cli.sock
21:44:33.485 [Test worker] INFO tc.testcontainers/ryuk:0.14.0 -- Creating container for image: testcontainers/ryuk:0.14.0
21:44:33.557 [Test worker] INFO org.testcontainers.utility.RegistryAuthLocator -- Credential helper/store (docker-credential-desktop) does not have credentials for https://index.docker.io/v1/
21:44:33.612 [Test worker] INFO tc.testcontainers/ryuk:0.14.0 -- Container testcontainers/ryuk:0.14.0 is starting: 4957a3d4badcbeec3654d2cc553653538fdd9329b8cf0a109a6b3b538c30cb39
21:44:33.776 [Test worker] INFO tc.testcontainers/ryuk:0.14.0 -- Container testcontainers/ryuk:0.14.0 started in PT0.290695S
21:44:33.779 [Test worker] INFO org.testcontainers.utility.RyukResourceReaper -- Ryuk started - will monitor and terminate Testcontainers containers on JVM exit
21:44:33.779 [Test worker] INFO org.testcontainers.DockerClientFactory -- Checking the system...
21:44:33.779 [Test worker] INFO org.testcontainers.DockerClientFactory -- ✔︎ Docker server version should be at least 1.6.0
21:44:33.780 [Test worker] INFO tc.mysql:8.0 -- Creating container for image: mysql:8.0
21:44:33.840 [Test worker] INFO tc.mysql:8.0 -- Container mysql:8.0 is starting: ab1460babe70d4d0e39174de1e5b6cf7f7d680e21140da7cab44d57f4d7e231e
21:44:34.008 [Test worker] INFO tc.mysql:8.0 -- Waiting for database connection to become available at jdbc:mysql://localhost:50089/urlshortener using query 'SELECT 1'
21:44:39.111 [Test worker] INFO tc.mysql:8.0 -- Container mysql:8.0 started in PT5.330486S
21:44:39.111 [Test worker] INFO tc.mysql:8.0 -- Container is started (JDBC URL: jdbc:mysql://localhost:50089/urlshortener)
21:44:39.111 [Test worker] INFO tc.redis:7-alpine -- Creating container for image: redis:7-alpine
21:44:39.153 [Test worker] INFO tc.redis:7-alpine -- Container redis:7-alpine is starting: ebf0ecf350c15677a45d79bb83afb70e1f4046a77b758d79be01de32eef9ee2d
21:44:39.342 [Test worker] INFO tc.redis:7-alpine -- Container redis:7-alpine started in PT0.231124S
21:44:39.380 [Test worker] INFO org.springframework.test.context.support.AnnotationConfigContextLoaderUtils -- Could not detect default configuration classes for test class [com.urlshortner.UrlShortenerIntegrationTest]: UrlShortenerIntegrationTest does not declare any static, non-private, non-final, nested classes annotated with @Configuration.
21:44:39.416 [Test worker] INFO org.springframework.boot.test.context.SpringBootTestContextBootstrapper -- Found @SpringBootConfiguration com.urlshortner.UrlshortnerApplication for test class com.urlshortner.UrlShortenerIntegrationTest
21:44:39.439 [Test worker] INFO org.springframework.test.context.support.AnnotationConfigContextLoaderUtils -- Could not detect default configuration classes for test class [com.urlshortner.UrlShortenerIntegrationTest]: UrlShortenerIntegrationTest does not declare any static, non-private, non-final, nested classes annotated with @Configuration.
21:44:39.441 [Test worker] INFO org.springframework.boot.test.context.SpringBootTestContextBootstrapper -- Found @SpringBootConfiguration com.urlshortner.UrlshortnerApplication for test class com.urlshortner.UrlShortenerIntegrationTest

  .   ____          _            __ _ _
 /\\ / ___'_ __ _ _(_)_ __  __ _ \ \ \ \
( ( )\___ | '_ | '_| | '_ \/ _` | \ \ \ \
 \\/  ___)| |_)| | | | | || (_| |  ) ) ) )
  '  |____| .__|_| |_|_| |_\__, | / / / /
 =========|_|==============|___/=/_/_/_/

 :: Spring Boot ::                (v4.1.0)

2026-08-02T21:44:39.616+05:30  INFO 27145 --- [urlshortner] [    Test worker] c.u.UrlShortenerIntegrationTest          : Starting UrlShortenerIntegrationTest using Java 21.0.12 with PID 27145 (started by abhimanyu.sharma in /Users/abhimanyu.sharma/Documents/dev/urlshortner/urlshortner)
2026-08-02T21:44:39.617+05:30  INFO 27145 --- [urlshortner] [    Test worker] c.u.UrlShortenerIntegrationTest          : No active profile set, falling back to 1 default profile: "default"
2026-08-02T21:44:40.078+05:30  INFO 27145 --- [urlshortner] [    Test worker] .s.d.r.c.RepositoryConfigurationDelegate : Multiple Spring Data modules found, entering strict repository configuration mode
2026-08-02T21:44:40.079+05:30  INFO 27145 --- [urlshortner] [    Test worker] .s.d.r.c.RepositoryConfigurationDelegate : Bootstrapping Spring Data JPA repositories in DEFAULT mode.
2026-08-02T21:44:40.163+05:30  INFO 27145 --- [urlshortner] [    Test worker] .s.d.r.c.RepositoryConfigurationDelegate : Finished Spring Data repository scanning in 77 ms. Found 1 JPA repository interface.
2026-08-02T21:44:40.186+05:30  INFO 27145 --- [urlshortner] [    Test worker] .s.d.r.c.RepositoryConfigurationDelegate : Multiple Spring Data modules found, entering strict repository configuration mode
2026-08-02T21:44:40.186+05:30  INFO 27145 --- [urlshortner] [    Test worker] .s.d.r.c.RepositoryConfigurationDelegate : Bootstrapping Spring Data Redis repositories in DEFAULT mode.
2026-08-02T21:44:40.199+05:30  INFO 27145 --- [urlshortner] [    Test worker] .RepositoryConfigurationExtensionSupport : Spring Data Redis - Could not safely identify store assignment for repository candidate interface com.urlshortner.repository.UrlRepository; If you want this repository to be a Redis repository, consider annotating your entities with one of these annotations: org.springframework.data.redis.core.RedisHash (preferred), or consider extending one of the following types with your repository: org.springframework.data.keyvalue.repository.KeyValueRepository
2026-08-02T21:44:40.199+05:30  INFO 27145 --- [urlshortner] [    Test worker] .s.d.r.c.RepositoryConfigurationDelegate : Finished Spring Data repository scanning in 3 ms. Found 0 Redis repository interfaces.
2026-08-02T21:44:40.557+05:30  INFO 27145 --- [urlshortner] [    Test worker] o.s.boot.tomcat.TomcatWebServer          : Tomcat initialized with port 0 (http)
2026-08-02T21:44:40.564+05:30  INFO 27145 --- [urlshortner] [    Test worker] o.apache.catalina.core.StandardService   : Starting service [Tomcat]
2026-08-02T21:44:40.564+05:30  INFO 27145 --- [urlshortner] [    Test worker] o.apache.catalina.core.StandardEngine    : Starting Servlet engine: [Apache Tomcat/11.0.22]
2026-08-02T21:44:40.591+05:30  INFO 27145 --- [urlshortner] [    Test worker] b.w.c.s.WebApplicationContextInitializer : Root WebApplicationContext: initialization completed in 966 ms
2026-08-02T21:44:40.833+05:30  INFO 27145 --- [urlshortner] [    Test worker] com.zaxxer.hikari.HikariDataSource       : urlshortener-hikari - Starting...
2026-08-02T21:44:40.940+05:30  INFO 27145 --- [urlshortner] [    Test worker] com.zaxxer.hikari.pool.HikariPool        : urlshortener-hikari - Added connection com.mysql.cj.jdbc.ConnectionImpl@1c63b39a
2026-08-02T21:44:40.941+05:30  INFO 27145 --- [urlshortner] [    Test worker] com.zaxxer.hikari.HikariDataSource       : urlshortener-hikari - Start completed.
2026-08-02T21:44:40.958+05:30  INFO 27145 --- [urlshortner] [    Test worker] org.flywaydb.core.FlywayExecutor         : Database: jdbc:mysql://localhost:50089/urlshortener (MySQL 8.0)
2026-08-02T21:44:41.049+05:30  INFO 27145 --- [urlshortner] [    Test worker] o.f.c.i.s.JdbcTableSchemaHistory         : Schema history table `urlshortener`.`flyway_schema_history` does not exist yet
2026-08-02T21:44:41.057+05:30  INFO 27145 --- [urlshortner] [    Test worker] o.f.core.internal.command.DbValidate     : Successfully validated 3 migrations (execution time 00:00.019s)
2026-08-02T21:44:41.072+05:30  INFO 27145 --- [urlshortner] [    Test worker] org.flywaydb.core.Flyway                 : All configured schemas are empty; a baseline marker will not be added to Flyway's schema history table. A baseline or migration script with a lower version than the baseline version may execute if available. Check the Schemas parameter if this is not intended. See https://help.red-gate.com/help/flyway-cli12/help_4.aspx?topic=baseline-on-migrate for more info
2026-08-02T21:44:41.076+05:30  INFO 27145 --- [urlshortner] [    Test worker] o.f.c.i.s.JdbcTableSchemaHistory         : Creating Schema History table `urlshortener`.`flyway_schema_history` ...
2026-08-02T21:44:41.163+05:30  INFO 27145 --- [urlshortner] [    Test worker] o.f.core.internal.command.DbMigrate      : Current version of schema `urlshortener`: << Empty Schema >>
2026-08-02T21:44:41.170+05:30  INFO 27145 --- [urlshortner] [    Test worker] o.f.core.internal.command.DbMigrate      : Migrating schema `urlshortener` to version "1 - init schema"
2026-08-02T21:44:41.233+05:30  INFO 27145 --- [urlshortner] [    Test worker] o.f.core.internal.command.DbMigrate      : Migrating schema `urlshortener` to version "2 - add url hash for dedup"
2026-08-02T21:44:41.319+05:30  INFO 27145 --- [urlshortner] [    Test worker] o.f.core.internal.command.DbMigrate      : Migrating schema `urlshortener` to version "3 - drop original url hash"
2026-08-02T21:44:41.366+05:30  INFO 27145 --- [urlshortner] [    Test worker] o.f.core.internal.command.DbMigrate      : Successfully applied 3 migrations to schema `urlshortener`, now at version v3 (execution time 00:00.130s)
2026-08-02T21:44:41.423+05:30  INFO 27145 --- [urlshortner] [    Test worker] org.hibernate.orm.jpa                    : HHH008540: Processing PersistenceUnitInfo [name: default]
2026-08-02T21:44:41.448+05:30  INFO 27145 --- [urlshortner] [    Test worker] org.hibernate.orm.core                   : HHH000001: Hibernate ORM core version 7.4.1.Final
2026-08-02T21:44:41.606+05:30  INFO 27145 --- [urlshortner] [    Test worker] o.s.o.j.p.SpringPersistenceUnitInfo      : No LoadTimeWeaver setup: ignoring JPA class transformer
2026-08-02T21:44:41.632+05:30  WARN 27145 --- [urlshortner] [    Test worker] org.hibernate.orm.deprecation            : HHH90000025: MySQLDialect does not need to be specified explicitly using 'hibernate.dialect' (remove the property setting and it will be selected by default)
2026-08-02T21:44:41.638+05:30  INFO 27145 --- [urlshortner] [    Test worker] org.hibernate.orm.connections.pooling    : HHH10001005: Database info:
	Database JDBC URL [jdbc:mysql://localhost:50089/urlshortener]
	Database driver: MySQL Connector/J
	Database dialect: MySQLDialect
	Database version: 8.0.46
	Default catalog/schema: urlshortener/undefined
	Autocommit mode: undefined/unknown
	Isolation level: REPEATABLE_READ [default REPEATABLE_READ]
	JDBC fetch size: none
	Pool: DataSourceConnectionProvider
	Minimum pool size: undefined/unknown
	Maximum pool size: undefined/unknown
2026-08-02T21:44:41.939+05:30  INFO 27145 --- [urlshortner] [    Test worker] org.hibernate.orm.core                   : HHH000489: No JTA platform available (set 'hibernate.transaction.jta.platform' to enable JTA platform integration)
2026-08-02T21:44:41.940+05:30  INFO 27145 --- [urlshortner] [    Test worker] org.hibernate.orm.jdbc.batch             : HHH100501: Automatic JDBC statement batching enabled (maximum batch size 100)
2026-08-02T21:44:41.942+05:30  INFO 27145 --- [urlshortner] [    Test worker] j.LocalContainerEntityManagerFactoryBean : Initialized JPA EntityManagerFactory for persistence unit 'default'
2026-08-02T21:44:41.984+05:30  WARN 27145 --- [urlshortner] [    Test worker] i.n.r.d.DnsServerAddressStreamProviders  : Can not find io.netty.resolver.dns.macos.MacOSDnsServerAddressStreamProvider in the classpath, fallback to system defaults. This may result in incorrect DNS resolutions on MacOS. Check whether you have a dependency on 'io.netty:netty-resolver-dns-native-macos'
2026-08-02T21:44:42.138+05:30  INFO 27145 --- [urlshortner] [    Test worker] o.s.d.j.r.query.QueryEnhancerFactories   : Hibernate is in classpath; If applicable, HQL parser will be used.
2026-08-02T21:44:42.258+05:30  INFO 27145 --- [urlshortner] [    Test worker] o.s.b.w.a.WelcomePageHandlerMapping      : Adding welcome page: class path resource [static/index.html]
2026-08-02T21:44:42.531+05:30  INFO 27145 --- [urlshortner] [    Test worker] o.s.boot.tomcat.TomcatWebServer          : Tomcat started on port 50184 (http) with context path '/'
2026-08-02T21:44:42.560+05:30  INFO 27145 --- [urlshortner] [    Test worker] o.s.boot.tomcat.TomcatWebServer          : Tomcat initialized with port 0 (http)
2026-08-02T21:44:42.560+05:30  INFO 27145 --- [urlshortner] [    Test worker] o.apache.catalina.core.StandardService   : Starting service [Tomcat]
2026-08-02T21:44:42.560+05:30  INFO 27145 --- [urlshortner] [    Test worker] o.apache.catalina.core.StandardEngine    : Starting Servlet engine: [Apache Tomcat/11.0.22]
2026-08-02T21:44:42.568+05:30  INFO 27145 --- [urlshortner] [    Test worker] b.w.c.s.WebApplicationContextInitializer : Root WebApplicationContext: initialization completed in 35 ms
2026-08-02T21:44:42.575+05:30  INFO 27145 --- [urlshortner] [    Test worker] o.s.b.a.e.web.EndpointLinksResolver      : Exposing 3 endpoints beneath base path '/actuator'
2026-08-02T21:44:42.591+05:30  INFO 27145 --- [urlshortner] [    Test worker] o.s.boot.tomcat.TomcatWebServer          : Tomcat started on port 50185 (http) with context path '/'
2026-08-02T21:44:42.600+05:30  INFO 27145 --- [urlshortner] [    Test worker] c.u.UrlShortenerIntegrationTest          : Started UrlShortenerIntegrationTest in 3.079 seconds (process running for 11.523)
2026-08-02T21:44:42.925+05:30  INFO 27145 --- [urlshortner] [omcat-handler-0] o.a.c.c.C.[Tomcat].[localhost].[/]       : Initializing Spring DispatcherServlet 'dispatcherServlet'
2026-08-02T21:44:42.925+05:30  INFO 27145 --- [urlshortner] [omcat-handler-0] o.s.web.servlet.DispatcherServlet        : Initializing Servlet 'dispatcherServlet'
2026-08-02T21:44:42.926+05:30  INFO 27145 --- [urlshortner] [omcat-handler-0] o.s.web.servlet.DispatcherServlet        : Completed initialization in 1 ms
2026-08-02T21:44:47.135+05:30  WARN 27145 --- [urlshortner] [cat-handler-227] org.hibernate.orm.jdbc.error             : HHH000247: ErrorCode: 1062, SQLState: 23000
2026-08-02T21:44:47.135+05:30  WARN 27145 --- [urlshortner] [cat-handler-228] org.hibernate.orm.jdbc.error             : HHH000247: ErrorCode: 1062, SQLState: 23000
2026-08-02T21:44:47.135+05:30  WARN 27145 --- [urlshortner] [cat-handler-222] org.hibernate.orm.jdbc.error             : HHH000247: ErrorCode: 1062, SQLState: 23000
2026-08-02T21:44:47.135+05:30  WARN 27145 --- [urlshortner] [cat-handler-236] org.hibernate.orm.jdbc.error             : HHH000247: ErrorCode: 1062, SQLState: 23000
2026-08-02T21:44:47.135+05:30  WARN 27145 --- [urlshortner] [cat-handler-222] org.hibernate.orm.jdbc.error             : Duplicate entry '41p0Ey' for key 'urls.uk_urls_short_code'
2026-08-02T21:44:47.135+05:30  WARN 27145 --- [urlshortner] [cat-handler-232] org.hibernate.orm.jdbc.error             : HHH000247: ErrorCode: 1062, SQLState: 23000
2026-08-02T21:44:47.135+05:30  WARN 27145 --- [urlshortner] [cat-handler-238] org.hibernate.orm.jdbc.error             : HHH000247: ErrorCode: 1062, SQLState: 23000
2026-08-02T21:44:47.135+05:30  WARN 27145 --- [urlshortner] [cat-handler-234] org.hibernate.orm.jdbc.error             : HHH000247: ErrorCode: 1062, SQLState: 23000
2026-08-02T21:44:47.135+05:30  WARN 27145 --- [urlshortner] [cat-handler-226] org.hibernate.orm.jdbc.error             : HHH000247: ErrorCode: 1062, SQLState: 23000
2026-08-02T21:44:47.135+05:30  WARN 27145 --- [urlshortner] [cat-handler-234] org.hibernate.orm.jdbc.error             : Duplicate entry '41p0Ey' for key 'urls.uk_urls_short_code'
2026-08-02T21:44:47.135+05:30  WARN 27145 --- [urlshortner] [cat-handler-229] org.hibernate.orm.jdbc.error             : HHH000247: ErrorCode: 1062, SQLState: 23000
2026-08-02T21:44:47.135+05:30  WARN 27145 --- [urlshortner] [cat-handler-224] org.hibernate.orm.jdbc.error             : HHH000247: ErrorCode: 1062, SQLState: 23000
2026-08-02T21:44:47.135+05:30  WARN 27145 --- [urlshortner] [cat-handler-227] org.hibernate.orm.jdbc.error             : Duplicate entry '41p0Ey' for key 'urls.uk_urls_short_code'
2026-08-02T21:44:47.135+05:30  WARN 27145 --- [urlshortner] [cat-handler-228] org.hibernate.orm.jdbc.error             : Duplicate entry '41p0Ey' for key 'urls.uk_urls_short_code'
2026-08-02T21:44:47.135+05:30  WARN 27145 --- [urlshortner] [cat-handler-236] org.hibernate.orm.jdbc.error             : Duplicate entry '41p0Ey' for key 'urls.uk_urls_short_code'
2026-08-02T21:44:47.135+05:30  WARN 27145 --- [urlshortner] [cat-handler-232] org.hibernate.orm.jdbc.error             : Duplicate entry '41p0Ey' for key 'urls.uk_urls_short_code'
2026-08-02T21:44:47.135+05:30  WARN 27145 --- [urlshortner] [cat-handler-238] org.hibernate.orm.jdbc.error             : Duplicate entry '41p0Ey' for key 'urls.uk_urls_short_code'
2026-08-02T21:44:47.135+05:30  WARN 27145 --- [urlshortner] [cat-handler-229] org.hibernate.orm.jdbc.error             : Duplicate entry '41p0Ey' for key 'urls.uk_urls_short_code'
2026-08-02T21:44:47.135+05:30  WARN 27145 --- [urlshortner] [cat-handler-226] org.hibernate.orm.jdbc.error             : Duplicate entry '41p0Ey' for key 'urls.uk_urls_short_code'
2026-08-02T21:44:47.135+05:30  WARN 27145 --- [urlshortner] [cat-handler-224] org.hibernate.orm.jdbc.error             : Duplicate entry '41p0Ey' for key 'urls.uk_urls_short_code'
2026-08-02T21:44:47.139+05:30  WARN 27145 --- [urlshortner] [cat-handler-225] org.hibernate.orm.jdbc.error             : HHH000247: ErrorCode: 1062, SQLState: 23000
2026-08-02T21:44:47.139+05:30  WARN 27145 --- [urlshortner] [cat-handler-225] org.hibernate.orm.jdbc.error             : Duplicate entry '41p0Ey' for key 'urls.uk_urls_short_code'
2026-08-02T21:44:47.142+05:30  WARN 27145 --- [urlshortner] [cat-handler-233] org.hibernate.orm.jdbc.error             : HHH000247: ErrorCode: 1062, SQLState: 23000
2026-08-02T21:44:47.142+05:30  WARN 27145 --- [urlshortner] [cat-handler-233] org.hibernate.orm.jdbc.error             : Duplicate entry '41p0Ey' for key 'urls.uk_urls_short_code'
2026-08-02T21:44:47.142+05:30  WARN 27145 --- [urlshortner] [cat-handler-223] org.hibernate.orm.jdbc.error             : HHH000247: ErrorCode: 1062, SQLState: 23000
2026-08-02T21:44:47.142+05:30  WARN 27145 --- [urlshortner] [cat-handler-235] org.hibernate.orm.jdbc.error             : HHH000247: ErrorCode: 1062, SQLState: 23000
2026-08-02T21:44:47.142+05:30  WARN 27145 --- [urlshortner] [cat-handler-230] org.hibernate.orm.jdbc.error             : HHH000247: ErrorCode: 1062, SQLState: 23000
2026-08-02T21:44:47.142+05:30  WARN 27145 --- [urlshortner] [cat-handler-235] org.hibernate.orm.jdbc.error             : Duplicate entry '41p0Ey' for key 'urls.uk_urls_short_code'
2026-08-02T21:44:47.143+05:30  WARN 27145 --- [urlshortner] [cat-handler-230] org.hibernate.orm.jdbc.error             : Duplicate entry '41p0Ey' for key 'urls.uk_urls_short_code'
2026-08-02T21:44:47.142+05:30  WARN 27145 --- [urlshortner] [cat-handler-239] org.hibernate.orm.jdbc.error             : HHH000247: ErrorCode: 1062, SQLState: 23000
2026-08-02T21:44:47.143+05:30  WARN 27145 --- [urlshortner] [cat-handler-239] org.hibernate.orm.jdbc.error             : Duplicate entry '41p0Ey' for key 'urls.uk_urls_short_code'
2026-08-02T21:44:47.142+05:30  WARN 27145 --- [urlshortner] [cat-handler-223] org.hibernate.orm.jdbc.error             : Duplicate entry '41p0Ey' for key 'urls.uk_urls_short_code'
2026-08-02T21:44:47.143+05:30  WARN 27145 --- [urlshortner] [cat-handler-237] org.hibernate.orm.jdbc.error             : HHH000247: ErrorCode: 1062, SQLState: 23000
2026-08-02T21:44:47.143+05:30  WARN 27145 --- [urlshortner] [cat-handler-237] org.hibernate.orm.jdbc.error             : Duplicate entry '41p0Ey' for key 'urls.uk_urls_short_code'
2026-08-02T21:44:47.143+05:30  WARN 27145 --- [urlshortner] [cat-handler-240] org.hibernate.orm.jdbc.error             : HHH000247: ErrorCode: 1062, SQLState: 23000
2026-08-02T21:44:47.143+05:30  WARN 27145 --- [urlshortner] [cat-handler-240] org.hibernate.orm.jdbc.error             : Duplicate entry '41p0Ey' for key 'urls.uk_urls_short_code'
2026-08-02T21:44:47.144+05:30  WARN 27145 --- [urlshortner] [cat-handler-241] org.hibernate.orm.jdbc.error             : HHH000247: ErrorCode: 1062, SQLState: 23000
2026-08-02T21:44:47.144+05:30  WARN 27145 --- [urlshortner] [cat-handler-241] org.hibernate.orm.jdbc.error             : Duplicate entry '41p0Ey' for key 'urls.uk_urls_short_code'
2026-08-02T21:44:47.221+05:30  INFO 27145 --- [urlshortner] [xecutorLoop-1-8] i.l.core.protocol.ConnectionWatchdog     : Reconnecting, last destination was localhost/127.0.0.1:50152
2026-08-02T21:44:47.221+05:30  INFO 27145 --- [urlshortner] [xecutorLoop-1-1] i.l.core.protocol.ConnectionWatchdog     : Reconnecting, last destination was localhost/127.0.0.1:50152
2026-08-02T21:44:47.221+05:30  INFO 27145 --- [urlshortner] [xecutorLoop-1-7] i.l.core.protocol.ConnectionWatchdog     : Reconnecting, last destination was localhost/127.0.0.1:50152
2026-08-02T21:44:47.221+05:30  INFO 27145 --- [urlshortner] [xecutorLoop-1-6] i.l.core.protocol.ConnectionWatchdog     : Reconnecting, last destination was localhost/127.0.0.1:50152
2026-08-02T21:44:47.221+05:30  INFO 27145 --- [urlshortner] [xecutorLoop-1-2] i.l.core.protocol.ConnectionWatchdog     : Reconnecting, last destination was localhost/127.0.0.1:50152
2026-08-02T21:44:47.221+05:30  INFO 27145 --- [urlshortner] [xecutorLoop-1-5] i.l.core.protocol.ConnectionWatchdog     : Reconnecting, last destination was localhost/127.0.0.1:50152
2026-08-02T21:44:47.221+05:30  INFO 27145 --- [urlshortner] [xecutorLoop-1-4] i.l.core.protocol.ConnectionWatchdog     : Reconnecting, last destination was localhost/127.0.0.1:50152
2026-08-02T21:44:47.221+05:30  INFO 27145 --- [urlshortner] [xecutorLoop-1-3] i.l.core.protocol.ConnectionWatchdog     : Reconnecting, last destination was localhost/127.0.0.1:50152
2026-08-02T21:44:47.226+05:30  WARN 27145 --- [urlshortner] [oEventLoop-4-12] i.l.core.protocol.ConnectionWatchdog     : Cannot reconnect to [localhost/<unresolved>:50152]: Connection reset

java.net.SocketException: Connection reset
	at java.base/sun.nio.ch.SocketChannelImpl.throwConnectionReset(SocketChannelImpl.java:401) ~[na:na]
	at java.base/sun.nio.ch.SocketChannelImpl.read(SocketChannelImpl.java:434) ~[na:na]
	at io.netty.buffer.AdaptivePoolingAllocator$AdaptiveByteBuf.setBytes(AdaptivePoolingAllocator.java:2018) ~[netty-buffer-4.2.15.Final.jar:4.2.15.Final]
	at io.netty.buffer.AbstractByteBuf.writeBytes(AbstractByteBuf.java:1139) ~[netty-buffer-4.2.15.Final.jar:4.2.15.Final]
	at io.netty.channel.socket.nio.NioSocketChannel.doReadBytes(NioSocketChannel.java:350) ~[netty-transport-4.2.15.Final.jar:4.2.15.Final]
	at io.netty.channel.nio.AbstractNioByteChannel$NioByteUnsafe.read(AbstractNioByteChannel.java:161) ~[netty-transport-4.2.15.Final.jar:4.2.15.Final]
	at io.netty.channel.nio.AbstractNioChannel$AbstractNioUnsafe.handle(AbstractNioChannel.java:445) ~[netty-transport-4.2.15.Final.jar:4.2.15.Final]
	at io.netty.channel.nio.NioIoHandler$DefaultNioRegistration.handle(NioIoHandler.java:388) ~[netty-transport-4.2.15.Final.jar:4.2.15.Final]
	at io.netty.channel.nio.NioIoHandler.processSelectedKey(NioIoHandler.java:596) ~[netty-transport-4.2.15.Final.jar:4.2.15.Final]
	at io.netty.channel.nio.NioIoHandler.processSelectedKeysOptimized(NioIoHandler.java:571) ~[netty-transport-4.2.15.Final.jar:4.2.15.Final]
	at io.netty.channel.nio.NioIoHandler.processSelectedKeys(NioIoHandler.java:512) ~[netty-transport-4.2.15.Final.jar:4.2.15.Final]
	at io.netty.channel.nio.NioIoHandler.run(NioIoHandler.java:484) ~[netty-transport-4.2.15.Final.jar:4.2.15.Final]
	at io.netty.channel.SingleThreadIoEventLoop.runIo(SingleThreadIoEventLoop.java:225) ~[netty-transport-4.2.15.Final.jar:4.2.15.Final]
	at io.netty.channel.SingleThreadIoEventLoop.run(SingleThreadIoEventLoop.java:196) ~[netty-transport-4.2.15.Final.jar:4.2.15.Final]
	at io.netty.util.concurrent.SingleThreadEventExecutor$5.run(SingleThreadEventExecutor.java:1195) ~[netty-common-4.2.15.Final.jar:4.2.15.Final]
	at io.netty.util.internal.ThreadExecutorMap$2.run(ThreadExecutorMap.java:74) ~[netty-common-4.2.15.Final.jar:4.2.15.Final]
	at io.netty.util.concurrent.FastThreadLocalRunnable.run(FastThreadLocalRunnable.java:30) ~[netty-common-4.2.15.Final.jar:4.2.15.Final]
	at java.base/java.lang.Thread.run(Thread.java:1583) ~[na:na]

2026-08-02T21:44:47.225+05:30  WARN 27145 --- [urlshortner] [oEventLoop-4-11] i.l.core.protocol.ConnectionWatchdog     : Cannot reconnect to [localhost/<unresolved>:50152]: Connection closed prematurely

io.lettuce.core.RedisConnectionException: Connection closed prematurely
	at io.lettuce.core.protocol.RedisHandshakeHandler.channelInactive(RedisHandshakeHandler.java:76) ~[lettuce-core-7.5.2.RELEASE.jar:7.5.2.RELEASE/5728917]
	at io.netty.channel.AbstractChannelHandlerContext.fireChannelInactive(AbstractChannelHandlerContext.java:251) ~[netty-transport-4.2.15.Final.jar:4.2.15.Final]
	at io.netty.channel.ChannelInboundHandlerAdapter.channelInactive(ChannelInboundHandlerAdapter.java:81) ~[netty-transport-4.2.15.Final.jar:4.2.15.Final]
	at io.lettuce.core.ChannelGroupListener.channelInactive(ChannelGroupListener.java:54) ~[lettuce-core-7.5.2.RELEASE.jar:7.5.2.RELEASE/5728917]
	at io.netty.channel.AbstractChannelHandlerContext.fireChannelInactive(AbstractChannelHandlerContext.java:251) ~[netty-transport-4.2.15.Final.jar:4.2.15.Final]
	at io.netty.channel.DefaultChannelPipeline$HeadContext.channelInactive(DefaultChannelPipeline.java:1424) ~[netty-transport-4.2.15.Final.jar:4.2.15.Final]
	at io.netty.channel.DefaultChannelPipeline.fireChannelInactive(DefaultChannelPipeline.java:876) ~[netty-transport-4.2.15.Final.jar:4.2.15.Final]
	at io.netty.channel.AbstractChannel$AbstractUnsafe$6.run(AbstractChannel.java:676) ~[netty-transport-4.2.15.Final.jar:4.2.15.Final]
	at io.netty.util.concurrent.AbstractEventExecutor.runTask(AbstractEventExecutor.java:148) ~[netty-common-4.2.15.Final.jar:4.2.15.Final]
	at io.netty.util.concurrent.AbstractEventExecutor.safeExecute(AbstractEventExecutor.java:141) ~[netty-common-4.2.15.Final.jar:4.2.15.Final]
	at io.netty.util.concurrent.SingleThreadEventExecutor.runAllTasks(SingleThreadEventExecutor.java:535) ~[netty-common-4.2.15.Final.jar:4.2.15.Final]
	at io.netty.channel.SingleThreadIoEventLoop.run(SingleThreadIoEventLoop.java:201) ~[netty-transport-4.2.15.Final.jar:4.2.15.Final]
	at io.netty.util.concurrent.SingleThreadEventExecutor$5.run(SingleThreadEventExecutor.java:1195) ~[netty-common-4.2.15.Final.jar:4.2.15.Final]
	at io.netty.util.internal.ThreadExecutorMap$2.run(ThreadExecutorMap.java:74) ~[netty-common-4.2.15.Final.jar:4.2.15.Final]
	at io.netty.util.concurrent.FastThreadLocalRunnable.run(FastThreadLocalRunnable.java:30) ~[netty-common-4.2.15.Final.jar:4.2.15.Final]
	at java.base/java.lang.Thread.run(Thread.java:1583) ~[na:na]

2026-08-02T21:44:47.225+05:30  WARN 27145 --- [urlshortner] [ioEventLoop-4-1] i.l.core.protocol.ConnectionWatchdog     : Cannot reconnect to [localhost/<unresolved>:50152]: Connection reset

java.net.SocketException: Connection reset
	at java.base/sun.nio.ch.SocketChannelImpl.throwConnectionReset(SocketChannelImpl.java:401) ~[na:na]
	at java.base/sun.nio.ch.SocketChannelImpl.read(SocketChannelImpl.java:434) ~[na:na]
	at io.netty.buffer.AdaptivePoolingAllocator$AdaptiveByteBuf.setBytes(AdaptivePoolingAllocator.java:2018) ~[netty-buffer-4.2.15.Final.jar:4.2.15.Final]
	at io.netty.buffer.AbstractByteBuf.writeBytes(AbstractByteBuf.java:1139) ~[netty-buffer-4.2.15.Final.jar:4.2.15.Final]
	at io.netty.channel.socket.nio.NioSocketChannel.doReadBytes(NioSocketChannel.java:350) ~[netty-transport-4.2.15.Final.jar:4.2.15.Final]
	at io.netty.channel.nio.AbstractNioByteChannel$NioByteUnsafe.read(AbstractNioByteChannel.java:161) ~[netty-transport-4.2.15.Final.jar:4.2.15.Final]
	at io.netty.channel.nio.AbstractNioChannel$AbstractNioUnsafe.handle(AbstractNioChannel.java:445) ~[netty-transport-4.2.15.Final.jar:4.2.15.Final]
	at io.netty.channel.nio.NioIoHandler$DefaultNioRegistration.handle(NioIoHandler.java:388) ~[netty-transport-4.2.15.Final.jar:4.2.15.Final]
	at io.netty.channel.nio.NioIoHandler.processSelectedKey(NioIoHandler.java:596) ~[netty-transport-4.2.15.Final.jar:4.2.15.Final]
	at io.netty.channel.nio.NioIoHandler.processSelectedKeysOptimized(NioIoHandler.java:571) ~[netty-transport-4.2.15.Final.jar:4.2.15.Final]
	at io.netty.channel.nio.NioIoHandler.processSelectedKeys(NioIoHandler.java:512) ~[netty-transport-4.2.15.Final.jar:4.2.15.Final]
	at io.netty.channel.nio.NioIoHandler.run(NioIoHandler.java:484) ~[netty-transport-4.2.15.Final.jar:4.2.15.Final]
	at io.netty.channel.SingleThreadIoEventLoop.runIo(SingleThreadIoEventLoop.java:225) ~[netty-transport-4.2.15.Final.jar:4.2.15.Final]
	at io.netty.channel.SingleThreadIoEventLoop.run(SingleThreadIoEventLoop.java:196) ~[netty-transport-4.2.15.Final.jar:4.2.15.Final]
	at io.netty.util.concurrent.SingleThreadEventExecutor$5.run(SingleThreadEventExecutor.java:1195) ~[netty-common-4.2.15.Final.jar:4.2.15.Final]
	at io.netty.util.internal.ThreadExecutorMap$2.run(ThreadExecutorMap.java:74) ~[netty-common-4.2.15.Final.jar:4.2.15.Final]
	at io.netty.util.concurrent.FastThreadLocalRunnable.run(FastThreadLocalRunnable.java:30) ~[netty-common-4.2.15.Final.jar:4.2.15.Final]
	at java.base/java.lang.Thread.run(Thread.java:1583) ~[na:na]

2026-08-02T21:44:47.226+05:30  WARN 27145 --- [urlshortner] [oEventLoop-4-10] i.l.core.protocol.ConnectionWatchdog     : Cannot reconnect to [localhost/<unresolved>:50152]: Connection reset

java.net.SocketException: Connection reset
	at java.base/sun.nio.ch.SocketChannelImpl.throwConnectionReset(SocketChannelImpl.java:401) ~[na:na]
	at java.base/sun.nio.ch.SocketChannelImpl.read(SocketChannelImpl.java:434) ~[na:na]
	at io.netty.buffer.AdaptivePoolingAllocator$AdaptiveByteBuf.setBytes(AdaptivePoolingAllocator.java:2018) ~[netty-buffer-4.2.15.Final.jar:4.2.15.Final]
	at io.netty.buffer.AbstractByteBuf.writeBytes(AbstractByteBuf.java:1139) ~[netty-buffer-4.2.15.Final.jar:4.2.15.Final]
	at io.netty.channel.socket.nio.NioSocketChannel.doReadBytes(NioSocketChannel.java:350) ~[netty-transport-4.2.15.Final.jar:4.2.15.Final]
	at io.netty.channel.nio.AbstractNioByteChannel$NioByteUnsafe.read(AbstractNioByteChannel.java:161) ~[netty-transport-4.2.15.Final.jar:4.2.15.Final]
	at io.netty.channel.nio.AbstractNioChannel$AbstractNioUnsafe.handle(AbstractNioChannel.java:445) ~[netty-transport-4.2.15.Final.jar:4.2.15.Final]
	at io.netty.channel.nio.NioIoHandler$DefaultNioRegistration.handle(NioIoHandler.java:388) ~[netty-transport-4.2.15.Final.jar:4.2.15.Final]
	at io.netty.channel.nio.NioIoHandler.processSelectedKey(NioIoHandler.java:596) ~[netty-transport-4.2.15.Final.jar:4.2.15.Final]
	at io.netty.channel.nio.NioIoHandler.processSelectedKeysOptimized(NioIoHandler.java:571) ~[netty-transport-4.2.15.Final.jar:4.2.15.Final]
	at io.netty.channel.nio.NioIoHandler.processSelectedKeys(NioIoHandler.java:512) ~[netty-transport-4.2.15.Final.jar:4.2.15.Final]
	at io.netty.channel.nio.NioIoHandler.run(NioIoHandler.java:484) ~[netty-transport-4.2.15.Final.jar:4.2.15.Final]
	at io.netty.channel.SingleThreadIoEventLoop.runIo(SingleThreadIoEventLoop.java:225) ~[netty-transport-4.2.15.Final.jar:4.2.15.Final]
	at io.netty.channel.SingleThreadIoEventLoop.run(SingleThreadIoEventLoop.java:196) ~[netty-transport-4.2.15.Final.jar:4.2.15.Final]
	at io.netty.util.concurrent.SingleThreadEventExecutor$5.run(SingleThreadEventExecutor.java:1195) ~[netty-common-4.2.15.Final.jar:4.2.15.Final]
	at io.netty.util.internal.ThreadExecutorMap$2.run(ThreadExecutorMap.java:74) ~[netty-common-4.2.15.Final.jar:4.2.15.Final]
	at io.netty.util.concurrent.FastThreadLocalRunnable.run(FastThreadLocalRunnable.java:30) ~[netty-common-4.2.15.Final.jar:4.2.15.Final]
	at java.base/java.lang.Thread.run(Thread.java:1583) ~[na:na]

2026-08-02T21:44:47.227+05:30  WARN 27145 --- [urlshortner] [oEventLoop-4-13] i.l.core.protocol.ConnectionWatchdog     : Cannot reconnect to [localhost/<unresolved>:50152]: Connection reset

java.net.SocketException: Connection reset
	at java.base/sun.nio.ch.SocketChannelImpl.throwConnectionReset(SocketChannelImpl.java:401) ~[na:na]
	at java.base/sun.nio.ch.SocketChannelImpl.read(SocketChannelImpl.java:434) ~[na:na]
	at io.netty.buffer.AdaptivePoolingAllocator$AdaptiveByteBuf.setBytes(AdaptivePoolingAllocator.java:2018) ~[netty-buffer-4.2.15.Final.jar:4.2.15.Final]
	at io.netty.buffer.AbstractByteBuf.writeBytes(AbstractByteBuf.java:1139) ~[netty-buffer-4.2.15.Final.jar:4.2.15.Final]
	at io.netty.channel.socket.nio.NioSocketChannel.doReadBytes(NioSocketChannel.java:350) ~[netty-transport-4.2.15.Final.jar:4.2.15.Final]
	at io.netty.channel.nio.AbstractNioByteChannel$NioByteUnsafe.read(AbstractNioByteChannel.java:161) ~[netty-transport-4.2.15.Final.jar:4.2.15.Final]
	at io.netty.channel.nio.AbstractNioChannel$AbstractNioUnsafe.handle(AbstractNioChannel.java:445) ~[netty-transport-4.2.15.Final.jar:4.2.15.Final]
	at io.netty.channel.nio.NioIoHandler$DefaultNioRegistration.handle(NioIoHandler.java:388) ~[netty-transport-4.2.15.Final.jar:4.2.15.Final]
	at io.netty.channel.nio.NioIoHandler.processSelectedKey(NioIoHandler.java:596) ~[netty-transport-4.2.15.Final.jar:4.2.15.Final]
	at io.netty.channel.nio.NioIoHandler.processSelectedKeysOptimized(NioIoHandler.java:571) ~[netty-transport-4.2.15.Final.jar:4.2.15.Final]
	at io.netty.channel.nio.NioIoHandler.processSelectedKeys(NioIoHandler.java:512) ~[netty-transport-4.2.15.Final.jar:4.2.15.Final]
	at io.netty.channel.nio.NioIoHandler.run(NioIoHandler.java:484) ~[netty-transport-4.2.15.Final.jar:4.2.15.Final]
	at io.netty.channel.SingleThreadIoEventLoop.runIo(SingleThreadIoEventLoop.java:225) ~[netty-transport-4.2.15.Final.jar:4.2.15.Final]
	at io.netty.channel.SingleThreadIoEventLoop.run(SingleThreadIoEventLoop.java:196) ~[netty-transport-4.2.15.Final.jar:4.2.15.Final]
	at io.netty.util.concurrent.SingleThreadEventExecutor$5.run(SingleThreadEventExecutor.java:1195) ~[netty-common-4.2.15.Final.jar:4.2.15.Final]
	at io.netty.util.internal.ThreadExecutorMap$2.run(ThreadExecutorMap.java:74) ~[netty-common-4.2.15.Final.jar:4.2.15.Final]
	at io.netty.util.concurrent.FastThreadLocalRunnable.run(FastThreadLocalRunnable.java:30) ~[netty-common-4.2.15.Final.jar:4.2.15.Final]
	at java.base/java.lang.Thread.run(Thread.java:1583) ~[na:na]

2026-08-02T21:44:47.227+05:30  WARN 27145 --- [urlshortner] [oEventLoop-4-14] i.l.core.protocol.ConnectionWatchdog     : Cannot reconnect to [localhost/<unresolved>:50152]: Connection reset

java.net.SocketException: Connection reset
	at java.base/sun.nio.ch.SocketChannelImpl.throwConnectionReset(SocketChannelImpl.java:401) ~[na:na]
	at java.base/sun.nio.ch.SocketChannelImpl.read(SocketChannelImpl.java:434) ~[na:na]
	at io.netty.buffer.AdaptivePoolingAllocator$AdaptiveByteBuf.setBytes(AdaptivePoolingAllocator.java:2018) ~[netty-buffer-4.2.15.Final.jar:4.2.15.Final]
	at io.netty.buffer.AbstractByteBuf.writeBytes(AbstractByteBuf.java:1139) ~[netty-buffer-4.2.15.Final.jar:4.2.15.Final]
	at io.netty.channel.socket.nio.NioSocketChannel.doReadBytes(NioSocketChannel.java:350) ~[netty-transport-4.2.15.Final.jar:4.2.15.Final]
	at io.netty.channel.nio.AbstractNioByteChannel$NioByteUnsafe.read(AbstractNioByteChannel.java:161) ~[netty-transport-4.2.15.Final.jar:4.2.15.Final]
	at io.netty.channel.nio.AbstractNioChannel$AbstractNioUnsafe.handle(AbstractNioChannel.java:445) ~[netty-transport-4.2.15.Final.jar:4.2.15.Final]
	at io.netty.channel.nio.NioIoHandler$DefaultNioRegistration.handle(NioIoHandler.java:388) ~[netty-transport-4.2.15.Final.jar:4.2.15.Final]
	at io.netty.channel.nio.NioIoHandler.processSelectedKey(NioIoHandler.java:596) ~[netty-transport-4.2.15.Final.jar:4.2.15.Final]
	at io.netty.channel.nio.NioIoHandler.processSelectedKeysOptimized(NioIoHandler.java:571) ~[netty-transport-4.2.15.Final.jar:4.2.15.Final]
	at io.netty.channel.nio.NioIoHandler.processSelectedKeys(NioIoHandler.java:512) ~[netty-transport-4.2.15.Final.jar:4.2.15.Final]
	at io.netty.channel.nio.NioIoHandler.run(NioIoHandler.java:484) ~[netty-transport-4.2.15.Final.jar:4.2.15.Final]
	at io.netty.channel.SingleThreadIoEventLoop.runIo(SingleThreadIoEventLoop.java:225) ~[netty-transport-4.2.15.Final.jar:4.2.15.Final]
	at io.netty.channel.SingleThreadIoEventLoop.run(SingleThreadIoEventLoop.java:196) ~[netty-transport-4.2.15.Final.jar:4.2.15.Final]
	at io.netty.util.concurrent.SingleThreadEventExecutor$5.run(SingleThreadEventExecutor.java:1195) ~[netty-common-4.2.15.Final.jar:4.2.15.Final]
	at io.netty.util.internal.ThreadExecutorMap$2.run(ThreadExecutorMap.java:74) ~[netty-common-4.2.15.Final.jar:4.2.15.Final]
	at io.netty.util.concurrent.FastThreadLocalRunnable.run(FastThreadLocalRunnable.java:30) ~[netty-common-4.2.15.Final.jar:4.2.15.Final]
	at java.base/java.lang.Thread.run(Thread.java:1583) ~[na:na]

2026-08-02T21:44:47.225+05:30  WARN 27145 --- [urlshortner] [ioEventLoop-4-9] i.l.core.protocol.ConnectionWatchdog     : Cannot reconnect to [localhost/<unresolved>:50152]: Connection closed prematurely

io.lettuce.core.RedisConnectionException: Connection closed prematurely
	at io.lettuce.core.protocol.RedisHandshakeHandler.channelInactive(RedisHandshakeHandler.java:76) ~[lettuce-core-7.5.2.RELEASE.jar:7.5.2.RELEASE/5728917]
	at io.netty.channel.AbstractChannelHandlerContext.fireChannelInactive(AbstractChannelHandlerContext.java:251) ~[netty-transport-4.2.15.Final.jar:4.2.15.Final]
	at io.netty.channel.ChannelInboundHandlerAdapter.channelInactive(ChannelInboundHandlerAdapter.java:81) ~[netty-transport-4.2.15.Final.jar:4.2.15.Final]
	at io.lettuce.core.ChannelGroupListener.channelInactive(ChannelGroupListener.java:54) ~[lettuce-core-7.5.2.RELEASE.jar:7.5.2.RELEASE/5728917]
	at io.netty.channel.AbstractChannelHandlerContext.fireChannelInactive(AbstractChannelHandlerContext.java:251) ~[netty-transport-4.2.15.Final.jar:4.2.15.Final]
	at io.netty.channel.DefaultChannelPipeline$HeadContext.channelInactive(DefaultChannelPipeline.java:1424) ~[netty-transport-4.2.15.Final.jar:4.2.15.Final]
	at io.netty.channel.DefaultChannelPipeline.fireChannelInactive(DefaultChannelPipeline.java:876) ~[netty-transport-4.2.15.Final.jar:4.2.15.Final]
	at io.netty.channel.AbstractChannel$AbstractUnsafe$6.run(AbstractChannel.java:676) ~[netty-transport-4.2.15.Final.jar:4.2.15.Final]
	at io.netty.util.concurrent.AbstractEventExecutor.runTask(AbstractEventExecutor.java:148) ~[netty-common-4.2.15.Final.jar:4.2.15.Final]
	at io.netty.util.concurrent.AbstractEventExecutor.safeExecute(AbstractEventExecutor.java:141) ~[netty-common-4.2.15.Final.jar:4.2.15.Final]
	at io.netty.util.concurrent.SingleThreadEventExecutor.runAllTasks(SingleThreadEventExecutor.java:535) ~[netty-common-4.2.15.Final.jar:4.2.15.Final]
	at io.netty.channel.SingleThreadIoEventLoop.run(SingleThreadIoEventLoop.java:201) ~[netty-transport-4.2.15.Final.jar:4.2.15.Final]
	at io.netty.util.concurrent.SingleThreadEventExecutor$5.run(SingleThreadEventExecutor.java:1195) ~[netty-common-4.2.15.Final.jar:4.2.15.Final]
	at io.netty.util.internal.ThreadExecutorMap$2.run(ThreadExecutorMap.java:74) ~[netty-common-4.2.15.Final.jar:4.2.15.Final]
	at io.netty.util.concurrent.FastThreadLocalRunnable.run(FastThreadLocalRunnable.java:30) ~[netty-common-4.2.15.Final.jar:4.2.15.Final]
	at java.base/java.lang.Thread.run(Thread.java:1583) ~[na:na]

2026-08-02T21:44:47.225+05:30  WARN 27145 --- [urlshortner] [ioEventLoop-4-2] i.l.core.protocol.ConnectionWatchdog     : Cannot reconnect to [localhost/<unresolved>:50152]: Connection closed prematurely

io.lettuce.core.RedisConnectionException: Connection closed prematurely
	at io.lettuce.core.protocol.RedisHandshakeHandler.channelInactive(RedisHandshakeHandler.java:76) ~[lettuce-core-7.5.2.RELEASE.jar:7.5.2.RELEASE/5728917]
	at io.netty.channel.AbstractChannelHandlerContext.fireChannelInactive(AbstractChannelHandlerContext.java:251) ~[netty-transport-4.2.15.Final.jar:4.2.15.Final]
	at io.netty.channel.ChannelInboundHandlerAdapter.channelInactive(ChannelInboundHandlerAdapter.java:81) ~[netty-transport-4.2.15.Final.jar:4.2.15.Final]
	at io.lettuce.core.ChannelGroupListener.channelInactive(ChannelGroupListener.java:54) ~[lettuce-core-7.5.2.RELEASE.jar:7.5.2.RELEASE/5728917]
	at io.netty.channel.AbstractChannelHandlerContext.fireChannelInactive(AbstractChannelHandlerContext.java:251) ~[netty-transport-4.2.15.Final.jar:4.2.15.Final]
	at io.netty.channel.DefaultChannelPipeline$HeadContext.channelInactive(DefaultChannelPipeline.java:1424) ~[netty-transport-4.2.15.Final.jar:4.2.15.Final]
	at io.netty.channel.DefaultChannelPipeline.fireChannelInactive(DefaultChannelPipeline.java:876) ~[netty-transport-4.2.15.Final.jar:4.2.15.Final]
	at io.netty.channel.AbstractChannel$AbstractUnsafe$6.run(AbstractChannel.java:676) ~[netty-transport-4.2.15.Final.jar:4.2.15.Final]
	at io.netty.util.concurrent.AbstractEventExecutor.runTask(AbstractEventExecutor.java:148) ~[netty-common-4.2.15.Final.jar:4.2.15.Final]
	at io.netty.util.concurrent.AbstractEventExecutor.safeExecute(AbstractEventExecutor.java:141) ~[netty-common-4.2.15.Final.jar:4.2.15.Final]
	at io.netty.util.concurrent.SingleThreadEventExecutor.runAllTasks(SingleThreadEventExecutor.java:535) ~[netty-common-4.2.15.Final.jar:4.2.15.Final]
	at io.netty.channel.SingleThreadIoEventLoop.run(SingleThreadIoEventLoop.java:201) ~[netty-transport-4.2.15.Final.jar:4.2.15.Final]
	at io.netty.util.concurrent.SingleThreadEventExecutor$5.run(SingleThreadEventExecutor.java:1195) ~[netty-common-4.2.15.Final.jar:4.2.15.Final]
	at io.netty.util.internal.ThreadExecutorMap$2.run(ThreadExecutorMap.java:74) ~[netty-common-4.2.15.Final.jar:4.2.15.Final]
	at io.netty.util.concurrent.FastThreadLocalRunnable.run(FastThreadLocalRunnable.java:30) ~[netty-common-4.2.15.Final.jar:4.2.15.Final]
	at java.base/java.lang.Thread.run(Thread.java:1583) ~[na:na]

]]></system-out>
  <system-err><![CDATA[Mockito is currently self-attaching to enable the inline-mock-maker. This will no longer work in future releases of the JDK. Please add Mockito as an agent to your build as described in Mockito's documentation: https://javadoc.io/doc/org.mockito/mockito-core/latest/org.mockito/org/mockito/Mockito.html#0.3
WARNING: A Java agent has been loaded dynamically (/Users/abhimanyu.sharma/.gradle/caches/modules-2/files-2.1/net.bytebuddy/byte-buddy-agent/1.18.10/9426d28828bdcdf42666bb7a68c468279ea78f59/byte-buddy-agent-1.18.10.jar)
WARNING: If a serviceability tool is in use, please run with -XX:+EnableDynamicAgentLoading to hide this warning
WARNING: If a serviceability tool is not in use, please run with -Djdk.instrument.traceUsage for more information
WARNING: Dynamic loading of agents will be disallowed by default in a future release
]]></system-err>
</testsuite>
